[ 2016-06-14T08:15:48+08:00 ] 127.0.0.1 /
INFO: [ app_init ] --START--
INFO: Run Behavior\BuildLiteBehavior [ RunTime:0.000035s ]
INFO: [ app_init ] --END-- [ RunTime:0.000601s ]
INFO: [ app_begin ] --START--
INFO: Run Behavior\ReadHtmlCacheBehavior [ RunTime:0.000861s ]
INFO: [ app_begin ] --END-- [ RunTime:0.000944s ]
SQL: SHOW COLUMNS FROM `hf_designer` [ RunTime:0.0320s ]
SQL: SELECT * FROM `hf_designer`  [ RunTime:0.0005s ]
SQL: SHOW COLUMNS FROM `hf_furniture` [ RunTime:0.0191s ]
SQL: SELECT * FROM `hf_furniture`  [ RunTime:0.0006s ]
INFO: [ view_parse ] --START--
INFO: [ template_filter ] --START--
INFO: Run Behavior\ContentReplaceBehavior [ RunTime:0.000260s ]
INFO: [ template_filter ] --END-- [ RunTime:0.000397s ]
NOTIC: [8] Undefined index: name F:\Home\Runtime\Cache\Home\59a59938b21dbe40b159d37f90e797e7.php 第 57 行.
NOTIC: [8] Undefined variable: desshow F:\Home\Runtime\Cache\Home\59a59938b21dbe40b159d37f90e797e7.php 第 230 行.
INFO: Run Behavior\ParseTemplateBehavior [ RunTime:0.029815s ]
INFO: [ view_parse ] --END-- [ RunTime:0.029940s ]
INFO: [ view_filter ] --START--
INFO: Run Behavior\WriteHtmlCacheBehavior [ RunTime:0.000861s ]
INFO: [ view_filter ] --END-- [ RunTime:0.000980s ]
INFO: [ app_end ] --START--
INFO: Run Behavior\ShowPageTraceBehavior [ RunTime:0.001212s ]
INFO: [ app_end ] --END-- [ RunTime:0.001335s ]

[ 2016-06-14T08:15:48+08:00 ] 127.0.0.1 /
INFO: [ app_init ] --START--
INFO: Run Behavior\BuildLiteBehavior [ RunTime:0.000017s ]
INFO: [ app_init ] --END-- [ RunTime:0.000509s ]
INFO: [ app_begin ] --START--
INFO: Run Behavior\ReadHtmlCacheBehavior [ RunTime:0.000683s ]
INFO: [ app_begin ] --END-- [ RunTime:0.000749s ]
SQL: SHOW COLUMNS FROM `hf_designer` [ RunTime:0.0041s ]
SQL: SELECT * FROM `hf_designer`  [ RunTime:0.0003s ]
SQL: SHOW COLUMNS FROM `hf_furniture` [ RunTime:0.0048s ]
SQL: SELECT * FROM `hf_furniture`  [ RunTime:0.0003s ]
INFO: [ view_parse ] --START--
INFO: [ template_filter ] --START--
INFO: Run Behavior\ContentReplaceBehavior [ RunTime:0.000127s ]
INFO: [ template_filter ] --END-- [ RunTime:0.000193s ]
NOTIC: [8] Undefined index: name F:\Home\Runtime\Cache\Home\59a59938b21dbe40b159d37f90e797e7.php 第 57 行.
NOTIC: [8] Undefined variable: desshow F:\Home\Runtime\Cache\Home\59a59938b21dbe40b159d37f90e797e7.php 第 230 行.
INFO: Run Behavior\ParseTemplateBehavior [ RunTime:0.015735s ]
INFO: [ view_parse ] --END-- [ RunTime:0.015811s ]
INFO: [ view_filter ] --START--
INFO: Run Behavior\WriteHtmlCacheBehavior [ RunTime:0.000457s ]
INFO: [ view_filter ] --END-- [ RunTime:0.000511s ]
INFO: [ app_end ] --START--
INFO: Run Behavior\ShowPageTraceBehavior [ RunTime:0.000970s ]
INFO: [ app_end ] --END-- [ RunTime:0.001086s ]

[ 2016-06-14T08:35:13+08:00 ] 127.0.0.1 /index.php/Home/Index/index.html
INFO: [ app_init ] --START--
INFO: Run Behavior\BuildLiteBehavior [ RunTime:0.000018s ]
INFO: [ app_init ] --END-- [ RunTime:0.000468s ]
INFO: [ app_begin ] --START--
INFO: Run Behavior\ReadHtmlCacheBehavior [ RunTime:0.000809s ]
INFO: [ app_begin ] --END-- [ RunTime:0.000881s ]
SQL: SHOW COLUMNS FROM `hf_designer` [ RunTime:0.0041s ]
SQL: SELECT * FROM `hf_designer`  [ RunTime:0.0003s ]
SQL: SHOW COLUMNS FROM `hf_furniture` [ RunTime:0.0062s ]
SQL: SELECT * FROM `hf_furniture`  [ RunTime:0.0004s ]
INFO: [ view_parse ] --START--
INFO: [ template_filter ] --START--
INFO: Run Behavior\ContentReplaceBehavior [ RunTime:0.000155s ]
INFO: [ template_filter ] --END-- [ RunTime:0.000231s ]
NOTIC: [8] Undefined index: name F:\Home\Runtime\Cache\Home\59a59938b21dbe40b159d37f90e797e7.php 第 57 行.
NOTIC: [8] Undefined variable: desshow F:\Home\Runtime\Cache\Home\59a59938b21dbe40b159d37f90e797e7.php 第 230 行.
INFO: Run Behavior\ParseTemplateBehavior [ RunTime:0.044868s ]
INFO: [ view_parse ] --END-- [ RunTime:0.045076s ]
INFO: [ view_filter ] --START--
INFO: Run Behavior\WriteHtmlCacheBehavior [ RunTime:0.003085s ]
INFO: [ view_filter ] --END-- [ RunTime:0.003368s ]
INFO: [ app_end ] --START--
INFO: Run Behavior\ShowPageTraceBehavior [ RunTime:0.003048s ]
INFO: [ app_end ] --END-- [ RunTime:0.003291s ]

[ 2016-06-14T08:35:14+08:00 ] 127.0.0.1 /index.php/Home/Index/http//fonts.googleapis.com/css?family=Asap
INFO: [ app_init ] --START--
INFO: Run Behavior\BuildLiteBehavior [ RunTime:0.000024s ]
INFO: [ app_init ] --END-- [ RunTime:0.000687s ]
INFO: [ app_begin ] --START--
INFO: Run Behavior\ReadHtmlCacheBehavior [ RunTime:0.001271s ]
INFO: [ app_begin ] --END-- [ RunTime:0.001398s ]
ERR: 非法操作:http

[ 2016-06-14T08:35:14+08:00 ] 127.0.0.1 /index.php/Home/Index/__PUBLIC__/Home/images/page4_img1.jpg
INFO: [ app_init ] --START--
INFO: Run Behavior\BuildLiteBehavior [ RunTime:0.000024s ]
INFO: [ app_init ] --END-- [ RunTime:0.000647s ]

[ 2016-06-14T08:35:14+08:00 ] 127.0.0.1 /index.php/Home/Index/__PUBLIC__/Home/images/page4_img1.jpg
INFO: [ app_init ] --START--
INFO: Run Behavior\BuildLiteBehavior [ RunTime:0.000026s ]
INFO: [ app_init ] --END-- [ RunTime:0.000889s ]

[ 2016-06-14T08:41:55+08:00 ] 127.0.0.1 /
INFO: [ app_init ] --START--
INFO: Run Behavior\BuildLiteBehavior [ RunTime:0.000016s ]
INFO: [ app_init ] --END-- [ RunTime:0.000440s ]
INFO: [ app_begin ] --START--
INFO: Run Behavior\ReadHtmlCacheBehavior [ RunTime:0.000931s ]
INFO: [ app_begin ] --END-- [ RunTime:0.001020s ]
SQL: SHOW COLUMNS FROM `hf_designer` [ RunTime:0.0124s ]
SQL: SELECT * FROM `hf_designer`  [ RunTime:0.0004s ]
SQL: SHOW COLUMNS FROM `hf_furniture` [ RunTime:0.0061s ]
SQL: SELECT * FROM `hf_furniture`  [ RunTime:0.0005s ]
INFO: [ view_parse ] --START--
INFO: [ template_filter ] --START--
INFO: Run Behavior\ContentReplaceBehavior [ RunTime:0.000138s ]
INFO: [ template_filter ] --END-- [ RunTime:0.000228s ]
NOTIC: [8] Undefined index: name F:\Home\Runtime\Cache\Home\59a59938b21dbe40b159d37f90e797e7.php 第 57 行.
NOTIC: [8] Undefined variable: desshow F:\Home\Runtime\Cache\Home\59a59938b21dbe40b159d37f90e797e7.php 第 230 行.
INFO: Run Behavior\ParseTemplateBehavior [ RunTime:0.017094s ]
INFO: [ view_parse ] --END-- [ RunTime:0.017182s ]
INFO: [ view_filter ] --START--
INFO: Run Behavior\WriteHtmlCacheBehavior [ RunTime:0.000636s ]
INFO: [ view_filter ] --END-- [ RunTime:0.000694s ]
INFO: [ app_end ] --START--
INFO: Run Behavior\ShowPageTraceBehavior [ RunTime:0.001001s ]
INFO: [ app_end ] --END-- [ RunTime:0.001103s ]

