[ 2016-06-05T11:31:22+08:00 ] 127.0.0.1 /
INFO: [ app_init ] --START--
INFO: Run Behavior\BuildLiteBehavior [ RunTime:0.000035s ]
INFO: [ app_init ] --END-- [ RunTime:0.083010s ]
INFO: [ app_begin ] --START--
INFO: Run Behavior\ReadHtmlCacheBehavior [ RunTime:0.037708s ]
INFO: [ app_begin ] --END-- [ RunTime:0.037822s ]
INFO: [ view_parse ] --START--
INFO: [ template_filter ] --START--
INFO: Run Behavior\ContentReplaceBehavior [ RunTime:0.003180s ]
INFO: [ template_filter ] --END-- [ RunTime:0.003274s ]
NOTIC: [8] Undefined variable: designer F:\Home\Runtime\Cache\Home\59a59938b21dbe40b159d37f90e797e7.php 第 213 行.
NOTIC: [8] Undefined variable: designer F:\Home\Runtime\Cache\Home\59a59938b21dbe40b159d37f90e797e7.php 第 215 行.
NOTIC: [8] Undefined variable: designer F:\Home\Runtime\Cache\Home\59a59938b21dbe40b159d37f90e797e7.php 第 216 行.
NOTIC: [8] Undefined variable: page F:\Home\Runtime\Cache\Home\59a59938b21dbe40b159d37f90e797e7.php 第 231 行.
INFO: Run Behavior\ParseTemplateBehavior [ RunTime:0.324459s ]
INFO: [ view_parse ] --END-- [ RunTime:0.324608s ]
INFO: [ view_filter ] --START--
INFO: Run Behavior\WriteHtmlCacheBehavior [ RunTime:0.016974s ]
INFO: [ view_filter ] --END-- [ RunTime:0.017051s ]
INFO: [ app_end ] --START--
INFO: Run Behavior\ShowPageTraceBehavior [ RunTime:0.063135s ]
INFO: [ app_end ] --END-- [ RunTime:0.063261s ]

[ 2016-06-05T11:31:29+08:00 ] 127.0.0.1 /
INFO: [ app_init ] --START--
INFO: Run Behavior\BuildLiteBehavior [ RunTime:0.000017s ]
INFO: [ app_init ] --END-- [ RunTime:0.000461s ]
INFO: [ app_begin ] --START--
INFO: Run Behavior\ReadHtmlCacheBehavior [ RunTime:0.000884s ]
INFO: [ app_begin ] --END-- [ RunTime:0.000948s ]
INFO: [ view_parse ] --START--
INFO: [ template_filter ] --START--
INFO: Run Behavior\ContentReplaceBehavior [ RunTime:0.000143s ]
INFO: [ template_filter ] --END-- [ RunTime:0.000214s ]
NOTIC: [8] Undefined variable: designer F:\Home\Runtime\Cache\Home\59a59938b21dbe40b159d37f90e797e7.php 第 213 行.
NOTIC: [8] Undefined variable: designer F:\Home\Runtime\Cache\Home\59a59938b21dbe40b159d37f90e797e7.php 第 215 行.
NOTIC: [8] Undefined variable: designer F:\Home\Runtime\Cache\Home\59a59938b21dbe40b159d37f90e797e7.php 第 216 行.
NOTIC: [8] Undefined variable: page F:\Home\Runtime\Cache\Home\59a59938b21dbe40b159d37f90e797e7.php 第 231 行.
INFO: Run Behavior\ParseTemplateBehavior [ RunTime:0.035100s ]
INFO: [ view_parse ] --END-- [ RunTime:0.035193s ]
INFO: [ view_filter ] --START--
INFO: Run Behavior\WriteHtmlCacheBehavior [ RunTime:0.000996s ]
INFO: [ view_filter ] --END-- [ RunTime:0.001108s ]
INFO: [ app_end ] --START--
INFO: Run Behavior\ShowPageTraceBehavior [ RunTime:0.001702s ]
INFO: [ app_end ] --END-- [ RunTime:0.001840s ]

