[ 2016-06-08T07:52:52+08:00 ] 127.0.0.1 /
INFO: [ app_init ] --START--
INFO: Run Behavior\BuildLiteBehavior [ RunTime:0.000031s ]
INFO: [ app_init ] --END-- [ RunTime:0.001328s ]
INFO: [ app_begin ] --START--
INFO: Run Behavior\ReadHtmlCacheBehavior [ RunTime:0.001532s ]
INFO: [ app_begin ] --END-- [ RunTime:0.001647s ]
INFO: [ view_parse ] --START--
INFO: Run Behavior\ParseTemplateBehavior [ RunTime:0.001584s ]
INFO: [ view_parse ] --END-- [ RunTime:0.001685s ]
INFO: [ view_filter ] --START--
INFO: Run Behavior\WriteHtmlCacheBehavior [ RunTime:0.001637s ]
INFO: [ view_filter ] --END-- [ RunTime:0.001721s ]
INFO: [ app_end ] --START--
INFO: Run Behavior\ShowPageTraceBehavior [ RunTime:0.001866s ]
INFO: [ app_end ] --END-- [ RunTime:0.001953s ]

[ 2016-06-08T07:52:52+08:00 ] 127.0.0.1 /
NOTIC: [2] mkdir() [<a href='function.mkdir'>function.mkdir</a>]: File exists F:\Home\ThinkPHP\Library\Think\Build.class.php 第 67 行.
NOTIC: [2] mkdir() [<a href='function.mkdir'>function.mkdir</a>]: File exists F:\Home\ThinkPHP\Library\Think\Build.class.php 第 67 行.
NOTIC: [2] mkdir() [<a href='function.mkdir'>function.mkdir</a>]: File exists F:\Home\ThinkPHP\Library\Think\Build.class.php 第 67 行.
NOTIC: [2] mkdir() [<a href='function.mkdir'>function.mkdir</a>]: File exists F:\Home\ThinkPHP\Library\Think\Build.class.php 第 67 行.
INFO: [ app_init ] --START--
INFO: Run Behavior\BuildLiteBehavior [ RunTime:0.000025s ]
INFO: [ app_init ] --END-- [ RunTime:0.000228s ]
INFO: [ app_begin ] --START--
INFO: Run Behavior\ReadHtmlCacheBehavior [ RunTime:0.002564s ]
INFO: [ app_begin ] --END-- [ RunTime:0.002709s ]
INFO: [ view_parse ] --START--
INFO: Run Behavior\ParseTemplateBehavior [ RunTime:0.001497s ]
INFO: [ view_parse ] --END-- [ RunTime:0.001603s ]
INFO: [ view_filter ] --START--
INFO: Run Behavior\WriteHtmlCacheBehavior [ RunTime:0.001666s ]
INFO: [ view_filter ] --END-- [ RunTime:0.001751s ]
INFO: [ app_end ] --START--
INFO: Run Behavior\ShowPageTraceBehavior [ RunTime:0.001939s ]
INFO: [ app_end ] --END-- [ RunTime:0.002022s ]

[ 2016-06-08T12:10:46+08:00 ] 127.0.0.1 /
INFO: [ app_init ] --START--
INFO: Run Behavior\BuildLiteBehavior [ RunTime:0.000068s ]
INFO: [ app_init ] --END-- [ RunTime:0.060407s ]
INFO: [ app_begin ] --START--
INFO: Run Behavior\ReadHtmlCacheBehavior [ RunTime:0.003811s ]
INFO: [ app_begin ] --END-- [ RunTime:0.004118s ]
ERR: SQLSTATE[28000] [1045] Access denied for user 'root'@'localhost' (using password: YES)

[ 2016-06-08T12:11:31+08:00 ] 127.0.0.1 /
INFO: [ app_init ] --START--
INFO: Run Behavior\BuildLiteBehavior [ RunTime:0.000029s ]
INFO: [ app_init ] --END-- [ RunTime:0.000372s ]
INFO: [ app_begin ] --START--
INFO: Run Behavior\ReadHtmlCacheBehavior [ RunTime:0.000550s ]
INFO: [ app_begin ] --END-- [ RunTime:0.000627s ]
ERR: 1146:Table 'home.hf_designer' doesn't exist
 [ SQL语句 ] : SHOW COLUMNS FROM `hf_designer`
ERR: 1146:Table 'home.hf_designer' doesn't exist
 [ SQL语句 ] : SHOW COLUMNS FROM `hf_designer`

[ 2016-06-08T12:13:59+08:00 ] 127.0.0.1 /
INFO: [ app_init ] --START--
INFO: Run Behavior\BuildLiteBehavior [ RunTime:0.000018s ]
INFO: [ app_init ] --END-- [ RunTime:0.000477s ]
INFO: [ app_begin ] --START--
INFO: Run Behavior\ReadHtmlCacheBehavior [ RunTime:0.000831s ]
INFO: [ app_begin ] --END-- [ RunTime:0.000910s ]
SQL: SHOW COLUMNS FROM `hf_designer` [ RunTime:0.0079s ]
SQL: SELECT * FROM `hf_designer`  [ RunTime:0.0087s ]
SQL: SHOW COLUMNS FROM `hf_furniture` [ RunTime:0.0079s ]
SQL: SELECT * FROM `hf_furniture`  [ RunTime:0.0102s ]
INFO: [ view_parse ] --START--
INFO: [ template_filter ] --START--
INFO: Run Behavior\ContentReplaceBehavior [ RunTime:0.000520s ]
INFO: [ template_filter ] --END-- [ RunTime:0.000753s ]
NOTIC: [8] Undefined index: name F:\Home\Runtime\Cache\Home\59a59938b21dbe40b159d37f90e797e7.php 第 57 行.
NOTIC: [8] Undefined variable: desshow F:\Home\Runtime\Cache\Home\59a59938b21dbe40b159d37f90e797e7.php 第 230 行.
INFO: Run Behavior\ParseTemplateBehavior [ RunTime:0.249570s ]
INFO: [ view_parse ] --END-- [ RunTime:0.249760s ]
INFO: [ view_filter ] --START--
INFO: Run Behavior\WriteHtmlCacheBehavior [ RunTime:0.016706s ]
INFO: [ view_filter ] --END-- [ RunTime:0.016934s ]
INFO: [ app_end ] --START--
INFO: Run Behavior\ShowPageTraceBehavior [ RunTime:0.018948s ]
INFO: [ app_end ] --END-- [ RunTime:0.019260s ]

