[ 2016-06-04T12:58:47+08:00 ] 127.0.0.1 /
INFO: [ app_init ] --START--
INFO: Run Behavior\BuildLiteBehavior [ RunTime:0.000017s ]
INFO: [ app_init ] --END-- [ RunTime:0.000444s ]
INFO: [ app_begin ] --START--
INFO: Run Behavior\ReadHtmlCacheBehavior [ RunTime:0.000790s ]
INFO: [ app_begin ] --END-- [ RunTime:0.000860s ]
INFO: [ view_parse ] --START--
INFO: [ template_filter ] --START--
INFO: Run Behavior\ContentReplaceBehavior [ RunTime:0.000136s ]
INFO: [ template_filter ] --END-- [ RunTime:0.000207s ]
NOTIC: [8] Undefined variable: designer F:\Home\Runtime\Cache\Home\59a59938b21dbe40b159d37f90e797e7.php 第 213 行.
NOTIC: [8] Undefined variable: designer F:\Home\Runtime\Cache\Home\59a59938b21dbe40b159d37f90e797e7.php 第 215 行.
NOTIC: [8] Undefined variable: designer F:\Home\Runtime\Cache\Home\59a59938b21dbe40b159d37f90e797e7.php 第 216 行.
NOTIC: [8] Undefined variable: page F:\Home\Runtime\Cache\Home\59a59938b21dbe40b159d37f90e797e7.php 第 231 行.
INFO: Run Behavior\ParseTemplateBehavior [ RunTime:0.054424s ]
INFO: [ view_parse ] --END-- [ RunTime:0.054493s ]
INFO: [ view_filter ] --START--
INFO: Run Behavior\WriteHtmlCacheBehavior [ RunTime:0.000415s ]
INFO: [ view_filter ] --END-- [ RunTime:0.000469s ]
INFO: [ app_end ] --START--
INFO: Run Behavior\ShowPageTraceBehavior [ RunTime:0.000679s ]
INFO: [ app_end ] --END-- [ RunTime:0.000739s ]

[ 2016-06-04T13:09:11+08:00 ] 127.0.0.1 /index.php/Home/Index/index.html
INFO: [ app_init ] --START--
INFO: Run Behavior\BuildLiteBehavior [ RunTime:0.000016s ]
INFO: [ app_init ] --END-- [ RunTime:0.000368s ]
INFO: [ app_begin ] --START--
INFO: Run Behavior\ReadHtmlCacheBehavior [ RunTime:0.000491s ]
INFO: [ app_begin ] --END-- [ RunTime:0.000551s ]
INFO: [ view_parse ] --START--
INFO: [ template_filter ] --START--
INFO: Run Behavior\ContentReplaceBehavior [ RunTime:0.000134s ]
INFO: [ template_filter ] --END-- [ RunTime:0.000205s ]
NOTIC: [8] Undefined variable: designer F:\Home\Runtime\Cache\Home\59a59938b21dbe40b159d37f90e797e7.php 第 213 行.
NOTIC: [8] Undefined variable: designer F:\Home\Runtime\Cache\Home\59a59938b21dbe40b159d37f90e797e7.php 第 215 行.
NOTIC: [8] Undefined variable: designer F:\Home\Runtime\Cache\Home\59a59938b21dbe40b159d37f90e797e7.php 第 216 行.
NOTIC: [8] Undefined variable: page F:\Home\Runtime\Cache\Home\59a59938b21dbe40b159d37f90e797e7.php 第 231 行.
INFO: Run Behavior\ParseTemplateBehavior [ RunTime:0.015544s ]
INFO: [ view_parse ] --END-- [ RunTime:0.015614s ]
INFO: [ view_filter ] --START--
INFO: Run Behavior\WriteHtmlCacheBehavior [ RunTime:0.000278s ]
INFO: [ view_filter ] --END-- [ RunTime:0.000331s ]
INFO: [ app_end ] --START--
INFO: Run Behavior\ShowPageTraceBehavior [ RunTime:0.000548s ]
INFO: [ app_end ] --END-- [ RunTime:0.000625s ]

[ 2016-06-04T13:09:11+08:00 ] 127.0.0.1 /index.php/Home/Index/http//fonts.googleapis.com/css?family=Asap
INFO: [ app_init ] --START--
INFO: Run Behavior\BuildLiteBehavior [ RunTime:0.000016s ]
INFO: [ app_init ] --END-- [ RunTime:0.000454s ]
INFO: [ app_begin ] --START--
INFO: Run Behavior\ReadHtmlCacheBehavior [ RunTime:0.001031s ]
INFO: [ app_begin ] --END-- [ RunTime:0.001126s ]
ERR: 非法操作:http

