[ 2016-06-06T15:32:31+08:00 ] 127.0.0.1 /
INFO: [ app_init ] --START--
INFO: Run Behavior\BuildLiteBehavior [ RunTime:0.000022s ]
INFO: [ app_init ] --END-- [ RunTime:0.059609s ]
INFO: [ app_begin ] --START--
INFO: Run Behavior\ReadHtmlCacheBehavior [ RunTime:0.011848s ]
INFO: [ app_begin ] --END-- [ RunTime:0.011946s ]
INFO: [ view_parse ] --START--
INFO: [ template_filter ] --START--
INFO: Run Behavior\ContentReplaceBehavior [ RunTime:0.000152s ]
INFO: [ template_filter ] --END-- [ RunTime:0.000221s ]
NOTIC: [8] Undefined variable: designer F:\Home\Runtime\Cache\Home\59a59938b21dbe40b159d37f90e797e7.php 第 213 行.
NOTIC: [8] Undefined variable: designer F:\Home\Runtime\Cache\Home\59a59938b21dbe40b159d37f90e797e7.php 第 215 行.
NOTIC: [8] Undefined variable: designer F:\Home\Runtime\Cache\Home\59a59938b21dbe40b159d37f90e797e7.php 第 216 行.
NOTIC: [8] Undefined variable: page F:\Home\Runtime\Cache\Home\59a59938b21dbe40b159d37f90e797e7.php 第 231 行.
INFO: Run Behavior\ParseTemplateBehavior [ RunTime:0.116226s ]
INFO: [ view_parse ] --END-- [ RunTime:0.116329s ]
INFO: [ view_filter ] --START--
INFO: Run Behavior\WriteHtmlCacheBehavior [ RunTime:0.013471s ]
INFO: [ view_filter ] --END-- [ RunTime:0.013573s ]
INFO: [ app_end ] --START--
INFO: Run Behavior\ShowPageTraceBehavior [ RunTime:0.074283s ]
INFO: [ app_end ] --END-- [ RunTime:0.074381s ]

[ 2016-06-06T16:26:21+08:00 ] 127.0.0.1 /
INFO: [ app_init ] --START--
INFO: Run Behavior\BuildLiteBehavior [ RunTime:0.000015s ]
INFO: [ app_init ] --END-- [ RunTime:0.000405s ]
INFO: [ app_begin ] --START--
INFO: Run Behavior\ReadHtmlCacheBehavior [ RunTime:0.000634s ]
INFO: [ app_begin ] --END-- [ RunTime:0.000692s ]
INFO: [ view_parse ] --START--
INFO: [ template_filter ] --START--
INFO: Run Behavior\ContentReplaceBehavior [ RunTime:0.000130s ]
INFO: [ template_filter ] --END-- [ RunTime:0.000200s ]
NOTIC: [8] Undefined variable: designer F:\Home\Runtime\Cache\Home\59a59938b21dbe40b159d37f90e797e7.php 第 213 行.
NOTIC: [8] Undefined variable: designer F:\Home\Runtime\Cache\Home\59a59938b21dbe40b159d37f90e797e7.php 第 215 行.
NOTIC: [8] Undefined variable: designer F:\Home\Runtime\Cache\Home\59a59938b21dbe40b159d37f90e797e7.php 第 216 行.
NOTIC: [8] Undefined variable: page F:\Home\Runtime\Cache\Home\59a59938b21dbe40b159d37f90e797e7.php 第 231 行.
INFO: Run Behavior\ParseTemplateBehavior [ RunTime:0.012068s ]
INFO: [ view_parse ] --END-- [ RunTime:0.012137s ]
INFO: [ view_filter ] --START--
INFO: Run Behavior\WriteHtmlCacheBehavior [ RunTime:0.000409s ]
INFO: [ view_filter ] --END-- [ RunTime:0.000461s ]
INFO: [ app_end ] --START--
INFO: Run Behavior\ShowPageTraceBehavior [ RunTime:0.000770s ]
INFO: [ app_end ] --END-- [ RunTime:0.000884s ]

