[ 2016-06-11T18:13:14+08:00 ] 127.0.0.1 /
INFO: [ app_init ] --START--
INFO: Run Behavior\BuildLiteBehavior [ RunTime:0.000018s ]
INFO: [ app_init ] --END-- [ RunTime:0.000525s ]
INFO: [ app_begin ] --START--
INFO: Run Behavior\ReadHtmlCacheBehavior [ RunTime:0.000710s ]
INFO: [ app_begin ] --END-- [ RunTime:0.000772s ]
SQL: SHOW COLUMNS FROM `hf_designer` [ RunTime:0.0842s ]
SQL: SELECT * FROM `hf_designer`  [ RunTime:0.0618s ]
SQL: SHOW COLUMNS FROM `hf_furniture` [ RunTime:0.0235s ]
SQL: SELECT * FROM `hf_furniture`  [ RunTime:0.0007s ]
INFO: [ view_parse ] --START--
INFO: [ template_filter ] --START--
INFO: Run Behavior\ContentReplaceBehavior [ RunTime:0.000143s ]
INFO: [ template_filter ] --END-- [ RunTime:0.000221s ]
NOTIC: [8] Undefined index: name F:\Home\Runtime\Cache\Home\59a59938b21dbe40b159d37f90e797e7.php 第 57 行.
NOTIC: [8] Undefined variable: desshow F:\Home\Runtime\Cache\Home\59a59938b21dbe40b159d37f90e797e7.php 第 230 行.
INFO: Run Behavior\ParseTemplateBehavior [ RunTime:0.044925s ]
INFO: [ view_parse ] --END-- [ RunTime:0.045058s ]
INFO: [ view_filter ] --START--
INFO: Run Behavior\WriteHtmlCacheBehavior [ RunTime:0.000451s ]
INFO: [ view_filter ] --END-- [ RunTime:0.000500s ]
INFO: [ app_end ] --START--
INFO: Run Behavior\ShowPageTraceBehavior [ RunTime:0.000679s ]
INFO: [ app_end ] --END-- [ RunTime:0.000750s ]

[ 2016-06-11T18:13:14+08:00 ] 127.0.0.1 /
INFO: [ app_init ] --START--
INFO: Run Behavior\BuildLiteBehavior [ RunTime:0.000017s ]
INFO: [ app_init ] --END-- [ RunTime:0.000460s ]
INFO: [ app_begin ] --START--
INFO: Run Behavior\ReadHtmlCacheBehavior [ RunTime:0.000933s ]
INFO: [ app_begin ] --END-- [ RunTime:0.000998s ]
SQL: SHOW COLUMNS FROM `hf_designer` [ RunTime:0.0041s ]
SQL: SELECT * FROM `hf_designer`  [ RunTime:0.0003s ]
SQL: SHOW COLUMNS FROM `hf_furniture` [ RunTime:0.0048s ]
SQL: SELECT * FROM `hf_furniture`  [ RunTime:0.0003s ]
INFO: [ view_parse ] --START--
INFO: [ template_filter ] --START--
INFO: Run Behavior\ContentReplaceBehavior [ RunTime:0.000136s ]
INFO: [ template_filter ] --END-- [ RunTime:0.000219s ]
NOTIC: [8] Undefined index: name F:\Home\Runtime\Cache\Home\59a59938b21dbe40b159d37f90e797e7.php 第 57 行.
NOTIC: [8] Undefined variable: desshow F:\Home\Runtime\Cache\Home\59a59938b21dbe40b159d37f90e797e7.php 第 230 行.
INFO: Run Behavior\ParseTemplateBehavior [ RunTime:0.017471s ]
INFO: [ view_parse ] --END-- [ RunTime:0.017539s ]
INFO: [ view_filter ] --START--
INFO: Run Behavior\WriteHtmlCacheBehavior [ RunTime:0.000717s ]
INFO: [ view_filter ] --END-- [ RunTime:0.000774s ]
INFO: [ app_end ] --START--
INFO: Run Behavior\ShowPageTraceBehavior [ RunTime:0.001695s ]
INFO: [ app_end ] --END-- [ RunTime:0.001815s ]

