[ 2016-06-14T08:15:55+08:00 ] 127.0.0.1 /index.php/Admin/Index/index.html
INFO: [ app_init ] --START--
INFO: Run Behavior\BuildLiteBehavior [ RunTime:0.000028s ]
INFO: [ app_init ] --END-- [ RunTime:0.000770s ]
INFO: [ app_begin ] --START--
INFO: Run Behavior\ReadHtmlCacheBehavior [ RunTime:0.001112s ]
INFO: [ app_begin ] --END-- [ RunTime:0.001237s ]
INFO: [ view_parse ] --START--
INFO: [ template_filter ] --START--
INFO: Run Behavior\ContentReplaceBehavior [ RunTime:0.000066s ]
INFO: [ template_filter ] --END-- [ RunTime:0.000144s ]
INFO: Run Behavior\ParseTemplateBehavior [ RunTime:0.010810s ]
INFO: [ view_parse ] --END-- [ RunTime:0.010916s ]
INFO: [ view_filter ] --START--
INFO: Run Behavior\WriteHtmlCacheBehavior [ RunTime:0.000831s ]
INFO: [ view_filter ] --END-- [ RunTime:0.000925s ]
INFO: [ app_end ] --START--
INFO: Run Behavior\ShowPageTraceBehavior [ RunTime:0.000932s ]
INFO: [ app_end ] --END-- [ RunTime:0.001001s ]

[ 2016-06-14T08:30:20+08:00 ] 127.0.0.1 /index.php/Admin/Index/index.html
INFO: [ app_init ] --START--
INFO: Run Behavior\BuildLiteBehavior [ RunTime:0.000020s ]
INFO: [ app_init ] --END-- [ RunTime:0.000527s ]
INFO: [ app_begin ] --START--
INFO: Run Behavior\ReadHtmlCacheBehavior [ RunTime:0.001009s ]
INFO: [ app_begin ] --END-- [ RunTime:0.001096s ]
INFO: [ view_parse ] --START--
INFO: [ template_filter ] --START--
INFO: Run Behavior\ContentReplaceBehavior [ RunTime:0.000063s ]
INFO: [ template_filter ] --END-- [ RunTime:0.000140s ]
NOTIC: [8] Use of undefined constant Designer - assumed 'Designer' F:\Home\Runtime\Cache\Admin\16753443f2ff8113066edeb5dd269785.php 第 44 行.
NOTIC: [8] Use of undefined constant index - assumed 'index' F:\Home\Runtime\Cache\Admin\16753443f2ff8113066edeb5dd269785.php 第 44 行.
NOTIC: [2] Division by zero F:\Home\Runtime\Cache\Admin\16753443f2ff8113066edeb5dd269785.php 第 44 行.
INFO: Run Behavior\ParseTemplateBehavior [ RunTime:0.011821s ]
INFO: [ view_parse ] --END-- [ RunTime:0.011907s ]
INFO: [ view_filter ] --START--
INFO: Run Behavior\WriteHtmlCacheBehavior [ RunTime:0.000599s ]
INFO: [ view_filter ] --END-- [ RunTime:0.000655s ]
INFO: [ app_end ] --START--
INFO: Run Behavior\ShowPageTraceBehavior [ RunTime:0.000765s ]
INFO: [ app_end ] --END-- [ RunTime:0.000820s ]

[ 2016-06-14T08:30:22+08:00 ] 127.0.0.1 /index.php/Admin/Index/index.html
INFO: [ app_init ] --START--
INFO: Run Behavior\BuildLiteBehavior [ RunTime:0.000023s ]
INFO: [ app_init ] --END-- [ RunTime:0.000460s ]
INFO: [ app_begin ] --START--
INFO: Run Behavior\ReadHtmlCacheBehavior [ RunTime:0.000709s ]
INFO: [ app_begin ] --END-- [ RunTime:0.000779s ]
INFO: [ view_parse ] --START--
INFO: [ template_filter ] --START--
INFO: Run Behavior\ContentReplaceBehavior [ RunTime:0.000063s ]
INFO: [ template_filter ] --END-- [ RunTime:0.000144s ]
NOTIC: [8] Use of undefined constant Designer - assumed 'Designer' F:\Home\Runtime\Cache\Admin\16753443f2ff8113066edeb5dd269785.php 第 44 行.
NOTIC: [8] Use of undefined constant index - assumed 'index' F:\Home\Runtime\Cache\Admin\16753443f2ff8113066edeb5dd269785.php 第 44 行.
NOTIC: [2] Division by zero F:\Home\Runtime\Cache\Admin\16753443f2ff8113066edeb5dd269785.php 第 44 行.
INFO: Run Behavior\ParseTemplateBehavior [ RunTime:0.009787s ]
INFO: [ view_parse ] --END-- [ RunTime:0.009849s ]
INFO: [ view_filter ] --START--
INFO: Run Behavior\WriteHtmlCacheBehavior [ RunTime:0.000403s ]
INFO: [ view_filter ] --END-- [ RunTime:0.000454s ]
INFO: [ app_end ] --START--
INFO: Run Behavior\ShowPageTraceBehavior [ RunTime:0.000612s ]
INFO: [ app_end ] --END-- [ RunTime:0.000666s ]

[ 2016-06-14T08:30:34+08:00 ] 127.0.0.1 /index.php/Admin/Index/index.html
INFO: [ app_init ] --START--
INFO: Run Behavior\BuildLiteBehavior [ RunTime:0.000015s ]
INFO: [ app_init ] --END-- [ RunTime:0.000425s ]
INFO: [ app_begin ] --START--
INFO: Run Behavior\ReadHtmlCacheBehavior [ RunTime:0.000778s ]
INFO: [ app_begin ] --END-- [ RunTime:0.000841s ]
INFO: [ view_parse ] --START--
INFO: [ template_filter ] --START--
INFO: Run Behavior\ContentReplaceBehavior [ RunTime:0.000068s ]
INFO: [ template_filter ] --END-- [ RunTime:0.000148s ]
NOTIC: [8] Use of undefined constant Designer - assumed 'Designer' F:\Home\Runtime\Cache\Admin\16753443f2ff8113066edeb5dd269785.php 第 44 行.
NOTIC: [8] Use of undefined constant index - assumed 'index' F:\Home\Runtime\Cache\Admin\16753443f2ff8113066edeb5dd269785.php 第 44 行.
NOTIC: [2] Division by zero F:\Home\Runtime\Cache\Admin\16753443f2ff8113066edeb5dd269785.php 第 44 行.
INFO: Run Behavior\ParseTemplateBehavior [ RunTime:0.010975s ]
INFO: [ view_parse ] --END-- [ RunTime:0.011045s ]
INFO: [ view_filter ] --START--
INFO: Run Behavior\WriteHtmlCacheBehavior [ RunTime:0.000601s ]
INFO: [ view_filter ] --END-- [ RunTime:0.000655s ]
INFO: [ app_end ] --START--
INFO: Run Behavior\ShowPageTraceBehavior [ RunTime:0.000790s ]
INFO: [ app_end ] --END-- [ RunTime:0.000843s ]

[ 2016-06-14T08:30:35+08:00 ] 127.0.0.1 /index.php/Admin/Index/index.html
INFO: [ app_init ] --START--
INFO: Run Behavior\BuildLiteBehavior [ RunTime:0.000019s ]
INFO: [ app_init ] --END-- [ RunTime:0.000528s ]
INFO: [ app_begin ] --START--
INFO: Run Behavior\ReadHtmlCacheBehavior [ RunTime:0.000922s ]
INFO: [ app_begin ] --END-- [ RunTime:0.001014s ]
INFO: [ view_parse ] --START--
INFO: [ template_filter ] --START--
INFO: Run Behavior\ContentReplaceBehavior [ RunTime:0.000076s ]
INFO: [ template_filter ] --END-- [ RunTime:0.000161s ]
NOTIC: [8] Use of undefined constant Designer - assumed 'Designer' F:\Home\Runtime\Cache\Admin\16753443f2ff8113066edeb5dd269785.php 第 44 行.
NOTIC: [8] Use of undefined constant index - assumed 'index' F:\Home\Runtime\Cache\Admin\16753443f2ff8113066edeb5dd269785.php 第 44 行.
NOTIC: [2] Division by zero F:\Home\Runtime\Cache\Admin\16753443f2ff8113066edeb5dd269785.php 第 44 行.
INFO: Run Behavior\ParseTemplateBehavior [ RunTime:0.012074s ]
INFO: [ view_parse ] --END-- [ RunTime:0.012150s ]
INFO: [ view_filter ] --START--
INFO: Run Behavior\WriteHtmlCacheBehavior [ RunTime:0.000671s ]
INFO: [ view_filter ] --END-- [ RunTime:0.000746s ]
INFO: [ app_end ] --START--
INFO: Run Behavior\ShowPageTraceBehavior [ RunTime:0.000790s ]
INFO: [ app_end ] --END-- [ RunTime:0.000846s ]

[ 2016-06-14T08:30:36+08:00 ] 127.0.0.1 /index.php/Admin/Age/index.html
INFO: [ app_init ] --START--
INFO: Run Behavior\BuildLiteBehavior [ RunTime:0.000019s ]
INFO: [ app_init ] --END-- [ RunTime:0.000491s ]
INFO: [ app_begin ] --START--
INFO: Run Behavior\ReadHtmlCacheBehavior [ RunTime:0.000920s ]
INFO: [ app_begin ] --END-- [ RunTime:0.000990s ]
SQL: SHOW COLUMNS FROM `hf_message` [ RunTime:0.0149s ]
SQL: SELECT COUNT(*) AS tp_count FROM `hf_message` LIMIT 1   [ RunTime:0.0007s ]
SQL: SELECT * FROM `hf_message` ORDER BY isread asc LIMIT 0,5   [ RunTime:0.0011s ]
INFO: [ view_parse ] --START--
INFO: [ template_filter ] --START--
INFO: Run Behavior\ContentReplaceBehavior [ RunTime:0.000172s ]
INFO: [ template_filter ] --END-- [ RunTime:0.000337s ]
INFO: Run Behavior\ParseTemplateBehavior [ RunTime:0.051565s ]
INFO: [ view_parse ] --END-- [ RunTime:0.051776s ]
INFO: [ view_filter ] --START--
INFO: Run Behavior\WriteHtmlCacheBehavior [ RunTime:0.001782s ]
INFO: [ view_filter ] --END-- [ RunTime:0.001947s ]
INFO: [ app_end ] --START--
INFO: Run Behavior\ShowPageTraceBehavior [ RunTime:0.002036s ]
INFO: [ app_end ] --END-- [ RunTime:0.002165s ]

[ 2016-06-14T08:30:38+08:00 ] 127.0.0.1 /index.php/Admin/Age/design.html
INFO: [ app_init ] --START--
INFO: Run Behavior\BuildLiteBehavior [ RunTime:0.000016s ]
INFO: [ app_init ] --END-- [ RunTime:0.000444s ]
INFO: [ app_begin ] --START--
INFO: Run Behavior\ReadHtmlCacheBehavior [ RunTime:0.000857s ]
INFO: [ app_begin ] --END-- [ RunTime:0.000941s ]
ERR: 模板不存在:F:/Home/Admin/View/Empty/error.html

[ 2016-06-14T08:31:57+08:00 ] 127.0.0.1 /index.php/Admin/Age/index.html
INFO: [ app_init ] --START--
INFO: Run Behavior\BuildLiteBehavior [ RunTime:0.000030s ]
INFO: [ app_init ] --END-- [ RunTime:0.000928s ]
INFO: [ app_begin ] --START--
INFO: Run Behavior\ReadHtmlCacheBehavior [ RunTime:0.001198s ]
INFO: [ app_begin ] --END-- [ RunTime:0.001333s ]
SQL: SHOW COLUMNS FROM `hf_message` [ RunTime:0.0048s ]
SQL: SELECT COUNT(*) AS tp_count FROM `hf_message` LIMIT 1   [ RunTime:0.0002s ]
SQL: SELECT * FROM `hf_message` ORDER BY isread asc LIMIT 0,5   [ RunTime:0.0005s ]
INFO: [ view_parse ] --START--
INFO: [ template_filter ] --START--
INFO: Run Behavior\ContentReplaceBehavior [ RunTime:0.000084s ]
INFO: [ template_filter ] --END-- [ RunTime:0.000162s ]
INFO: Run Behavior\ParseTemplateBehavior [ RunTime:0.014618s ]
INFO: [ view_parse ] --END-- [ RunTime:0.014768s ]
INFO: [ view_filter ] --START--
INFO: Run Behavior\WriteHtmlCacheBehavior [ RunTime:0.000723s ]
INFO: [ view_filter ] --END-- [ RunTime:0.000822s ]
INFO: [ app_end ] --START--
INFO: Run Behavior\ShowPageTraceBehavior [ RunTime:0.001285s ]
INFO: [ app_end ] --END-- [ RunTime:0.001385s ]

[ 2016-06-14T08:32:01+08:00 ] 127.0.0.1 /index.php/Admin/Index/index.html
INFO: [ app_init ] --START--
INFO: Run Behavior\BuildLiteBehavior [ RunTime:0.000019s ]
INFO: [ app_init ] --END-- [ RunTime:0.000505s ]
INFO: [ app_begin ] --START--
INFO: Run Behavior\ReadHtmlCacheBehavior [ RunTime:0.000932s ]
INFO: [ app_begin ] --END-- [ RunTime:0.001005s ]
INFO: [ view_parse ] --START--
INFO: [ template_filter ] --START--
INFO: Run Behavior\ContentReplaceBehavior [ RunTime:0.000078s ]
INFO: [ template_filter ] --END-- [ RunTime:0.000172s ]
NOTIC: [8] Use of undefined constant Designer - assumed 'Designer' F:\Home\Runtime\Cache\Admin\16753443f2ff8113066edeb5dd269785.php 第 44 行.
NOTIC: [8] Use of undefined constant index - assumed 'index' F:\Home\Runtime\Cache\Admin\16753443f2ff8113066edeb5dd269785.php 第 44 行.
NOTIC: [2] Division by zero F:\Home\Runtime\Cache\Admin\16753443f2ff8113066edeb5dd269785.php 第 44 行.
INFO: Run Behavior\ParseTemplateBehavior [ RunTime:0.013103s ]
INFO: [ view_parse ] --END-- [ RunTime:0.013173s ]
INFO: [ view_filter ] --START--
INFO: Run Behavior\WriteHtmlCacheBehavior [ RunTime:0.000659s ]
INFO: [ view_filter ] --END-- [ RunTime:0.000717s ]
INFO: [ app_end ] --START--
INFO: Run Behavior\ShowPageTraceBehavior [ RunTime:0.000888s ]
INFO: [ app_end ] --END-- [ RunTime:0.000957s ]

[ 2016-06-14T08:32:03+08:00 ] 127.0.0.1 /index.php/Admin/Index/index.html
INFO: [ app_init ] --START--
INFO: Run Behavior\BuildLiteBehavior [ RunTime:0.000018s ]
INFO: [ app_init ] --END-- [ RunTime:0.000529s ]
INFO: [ app_begin ] --START--
INFO: Run Behavior\ReadHtmlCacheBehavior [ RunTime:0.000948s ]
INFO: [ app_begin ] --END-- [ RunTime:0.001024s ]
INFO: [ view_parse ] --START--
INFO: [ template_filter ] --START--
INFO: Run Behavior\ContentReplaceBehavior [ RunTime:0.000123s ]
INFO: [ template_filter ] --END-- [ RunTime:0.000270s ]
NOTIC: [8] Use of undefined constant Designer - assumed 'Designer' F:\Home\Runtime\Cache\Admin\16753443f2ff8113066edeb5dd269785.php 第 44 行.
NOTIC: [8] Use of undefined constant index - assumed 'index' F:\Home\Runtime\Cache\Admin\16753443f2ff8113066edeb5dd269785.php 第 44 行.
NOTIC: [2] Division by zero F:\Home\Runtime\Cache\Admin\16753443f2ff8113066edeb5dd269785.php 第 44 行.
INFO: Run Behavior\ParseTemplateBehavior [ RunTime:0.042780s ]
INFO: [ view_parse ] --END-- [ RunTime:0.042872s ]
INFO: [ view_filter ] --START--
INFO: Run Behavior\WriteHtmlCacheBehavior [ RunTime:0.000747s ]
INFO: [ view_filter ] --END-- [ RunTime:0.000833s ]
INFO: [ app_end ] --START--
INFO: Run Behavior\ShowPageTraceBehavior [ RunTime:0.001088s ]
INFO: [ app_end ] --END-- [ RunTime:0.001168s ]

[ 2016-06-14T08:34:33+08:00 ] 127.0.0.1 /index.php/Admin/Age/index.html
INFO: [ app_init ] --START--
INFO: Run Behavior\BuildLiteBehavior [ RunTime:0.000029s ]
INFO: [ app_init ] --END-- [ RunTime:0.000801s ]
INFO: [ app_begin ] --START--
INFO: Run Behavior\ReadHtmlCacheBehavior [ RunTime:0.000856s ]
INFO: [ app_begin ] --END-- [ RunTime:0.000942s ]
SQL: SHOW COLUMNS FROM `hf_message` [ RunTime:0.0053s ]
SQL: SELECT COUNT(*) AS tp_count FROM `hf_message` LIMIT 1   [ RunTime:0.0002s ]
SQL: SELECT * FROM `hf_message` ORDER BY isread asc LIMIT 0,5   [ RunTime:0.0004s ]
INFO: [ view_parse ] --START--
INFO: [ template_filter ] --START--
INFO: Run Behavior\ContentReplaceBehavior [ RunTime:0.000141s ]
INFO: [ template_filter ] --END-- [ RunTime:0.000272s ]
NOTIC: [8] Use of undefined constant Designer - assumed 'Designer' F:\Home\Runtime\Cache\Admin\1e968c02e31869e417a141e1d7961c83.php 第 46 行.
NOTIC: [8] Use of undefined constant index - assumed 'index' F:\Home\Runtime\Cache\Admin\1e968c02e31869e417a141e1d7961c83.php 第 46 行.
NOTIC: [2] Division by zero F:\Home\Runtime\Cache\Admin\1e968c02e31869e417a141e1d7961c83.php 第 46 行.
INFO: Run Behavior\ParseTemplateBehavior [ RunTime:0.012350s ]
INFO: [ view_parse ] --END-- [ RunTime:0.012418s ]
INFO: [ view_filter ] --START--
INFO: Run Behavior\WriteHtmlCacheBehavior [ RunTime:0.000406s ]
INFO: [ view_filter ] --END-- [ RunTime:0.000457s ]
INFO: [ app_end ] --START--
INFO: Run Behavior\ShowPageTraceBehavior [ RunTime:0.000855s ]
INFO: [ app_end ] --END-- [ RunTime:0.000937s ]

[ 2016-06-14T08:34:36+08:00 ] 127.0.0.1 /index.php/Admin/Age/index.html
INFO: [ app_init ] --START--
INFO: Run Behavior\BuildLiteBehavior [ RunTime:0.000018s ]
INFO: [ app_init ] --END-- [ RunTime:0.000498s ]
INFO: [ app_begin ] --START--
INFO: Run Behavior\ReadHtmlCacheBehavior [ RunTime:0.000933s ]
INFO: [ app_begin ] --END-- [ RunTime:0.001008s ]
SQL: SHOW COLUMNS FROM `hf_message` [ RunTime:0.0041s ]
SQL: SELECT COUNT(*) AS tp_count FROM `hf_message` LIMIT 1   [ RunTime:0.0002s ]
SQL: SELECT * FROM `hf_message` ORDER BY isread asc LIMIT 0,5   [ RunTime:0.0002s ]
INFO: [ view_parse ] --START--
INFO: [ template_filter ] --START--
INFO: Run Behavior\ContentReplaceBehavior [ RunTime:0.000075s ]
INFO: [ template_filter ] --END-- [ RunTime:0.000142s ]
NOTIC: [8] Use of undefined constant Designer - assumed 'Designer' F:\Home\Runtime\Cache\Admin\1e968c02e31869e417a141e1d7961c83.php 第 46 行.
NOTIC: [8] Use of undefined constant index - assumed 'index' F:\Home\Runtime\Cache\Admin\1e968c02e31869e417a141e1d7961c83.php 第 46 行.
NOTIC: [2] Division by zero F:\Home\Runtime\Cache\Admin\1e968c02e31869e417a141e1d7961c83.php 第 46 行.
INFO: Run Behavior\ParseTemplateBehavior [ RunTime:0.078174s ]
INFO: [ view_parse ] --END-- [ RunTime:0.078243s ]
INFO: [ view_filter ] --START--
INFO: Run Behavior\WriteHtmlCacheBehavior [ RunTime:0.000599s ]
INFO: [ view_filter ] --END-- [ RunTime:0.000653s ]
INFO: [ app_end ] --START--
INFO: Run Behavior\ShowPageTraceBehavior [ RunTime:0.000759s ]
INFO: [ app_end ] --END-- [ RunTime:0.000823s ]

[ 2016-06-14T08:34:38+08:00 ] 127.0.0.1 /index.php/Admin/Age/index.html
INFO: [ app_init ] --START--
INFO: Run Behavior\BuildLiteBehavior [ RunTime:0.000017s ]
INFO: [ app_init ] --END-- [ RunTime:0.000495s ]
INFO: [ app_begin ] --START--
INFO: Run Behavior\ReadHtmlCacheBehavior [ RunTime:0.001018s ]
INFO: [ app_begin ] --END-- [ RunTime:0.001101s ]
SQL: SHOW COLUMNS FROM `hf_message` [ RunTime:0.0043s ]
SQL: SELECT COUNT(*) AS tp_count FROM `hf_message` LIMIT 1   [ RunTime:0.0002s ]
SQL: SELECT * FROM `hf_message` ORDER BY isread asc LIMIT 0,5   [ RunTime:0.0003s ]
INFO: [ view_parse ] --START--
INFO: [ template_filter ] --START--
INFO: Run Behavior\ContentReplaceBehavior [ RunTime:0.000084s ]
INFO: [ template_filter ] --END-- [ RunTime:0.000163s ]
NOTIC: [8] Use of undefined constant Designer - assumed 'Designer' F:\Home\Runtime\Cache\Admin\1e968c02e31869e417a141e1d7961c83.php 第 46 行.
NOTIC: [8] Use of undefined constant index - assumed 'index' F:\Home\Runtime\Cache\Admin\1e968c02e31869e417a141e1d7961c83.php 第 46 行.
NOTIC: [2] Division by zero F:\Home\Runtime\Cache\Admin\1e968c02e31869e417a141e1d7961c83.php 第 46 行.
INFO: Run Behavior\ParseTemplateBehavior [ RunTime:0.012583s ]
INFO: [ view_parse ] --END-- [ RunTime:0.012679s ]
INFO: [ view_filter ] --START--
INFO: Run Behavior\WriteHtmlCacheBehavior [ RunTime:0.000677s ]
INFO: [ view_filter ] --END-- [ RunTime:0.000734s ]
INFO: [ app_end ] --START--
INFO: Run Behavior\ShowPageTraceBehavior [ RunTime:0.000845s ]
INFO: [ app_end ] --END-- [ RunTime:0.000901s ]

[ 2016-06-14T08:34:50+08:00 ] 127.0.0.1 /index.php/Admin/Age/index.html
INFO: [ app_init ] --START--
INFO: Run Behavior\BuildLiteBehavior [ RunTime:0.000018s ]
INFO: [ app_init ] --END-- [ RunTime:0.000500s ]
INFO: [ app_begin ] --START--
INFO: Run Behavior\ReadHtmlCacheBehavior [ RunTime:0.000945s ]
INFO: [ app_begin ] --END-- [ RunTime:0.001021s ]
SQL: SHOW COLUMNS FROM `hf_message` [ RunTime:0.0045s ]
SQL: SELECT COUNT(*) AS tp_count FROM `hf_message` LIMIT 1   [ RunTime:0.0002s ]
SQL: SELECT * FROM `hf_message` ORDER BY isread asc LIMIT 0,5   [ RunTime:0.0003s ]
INFO: [ view_parse ] --START--
INFO: [ template_filter ] --START--
INFO: Run Behavior\ContentReplaceBehavior [ RunTime:0.000077s ]
INFO: [ template_filter ] --END-- [ RunTime:0.000149s ]
NOTIC: [8] Use of undefined constant Designer - assumed 'Designer' F:\Home\Runtime\Cache\Admin\1e968c02e31869e417a141e1d7961c83.php 第 46 行.
NOTIC: [8] Use of undefined constant index - assumed 'index' F:\Home\Runtime\Cache\Admin\1e968c02e31869e417a141e1d7961c83.php 第 46 行.
NOTIC: [2] Division by zero F:\Home\Runtime\Cache\Admin\1e968c02e31869e417a141e1d7961c83.php 第 46 行.
INFO: Run Behavior\ParseTemplateBehavior [ RunTime:0.011911s ]
INFO: [ view_parse ] --END-- [ RunTime:0.011978s ]
INFO: [ view_filter ] --START--
INFO: Run Behavior\WriteHtmlCacheBehavior [ RunTime:0.000579s ]
INFO: [ view_filter ] --END-- [ RunTime:0.000631s ]
INFO: [ app_end ] --START--
INFO: Run Behavior\ShowPageTraceBehavior [ RunTime:0.000773s ]
INFO: [ app_end ] --END-- [ RunTime:0.000825s ]

[ 2016-06-14T08:34:51+08:00 ] 127.0.0.1 /index.php/Admin/Age/index.html
INFO: [ app_init ] --START--
INFO: Run Behavior\BuildLiteBehavior [ RunTime:0.000019s ]
INFO: [ app_init ] --END-- [ RunTime:0.000500s ]
INFO: [ app_begin ] --START--
INFO: Run Behavior\ReadHtmlCacheBehavior [ RunTime:0.001383s ]
INFO: [ app_begin ] --END-- [ RunTime:0.001515s ]
SQL: SHOW COLUMNS FROM `hf_message` [ RunTime:0.0043s ]
SQL: SELECT COUNT(*) AS tp_count FROM `hf_message` LIMIT 1   [ RunTime:0.0002s ]
SQL: SELECT * FROM `hf_message` ORDER BY isread asc LIMIT 0,5   [ RunTime:0.0002s ]
INFO: [ view_parse ] --START--
INFO: [ template_filter ] --START--
INFO: Run Behavior\ContentReplaceBehavior [ RunTime:0.000082s ]
INFO: [ template_filter ] --END-- [ RunTime:0.000155s ]
NOTIC: [8] Use of undefined constant Designer - assumed 'Designer' F:\Home\Runtime\Cache\Admin\1e968c02e31869e417a141e1d7961c83.php 第 46 行.
NOTIC: [8] Use of undefined constant index - assumed 'index' F:\Home\Runtime\Cache\Admin\1e968c02e31869e417a141e1d7961c83.php 第 46 行.
NOTIC: [2] Division by zero F:\Home\Runtime\Cache\Admin\1e968c02e31869e417a141e1d7961c83.php 第 46 行.
INFO: Run Behavior\ParseTemplateBehavior [ RunTime:0.012200s ]
INFO: [ view_parse ] --END-- [ RunTime:0.012276s ]
INFO: [ view_filter ] --START--
INFO: Run Behavior\WriteHtmlCacheBehavior [ RunTime:0.000626s ]
INFO: [ view_filter ] --END-- [ RunTime:0.000681s ]
INFO: [ app_end ] --START--
INFO: Run Behavior\ShowPageTraceBehavior [ RunTime:0.000787s ]
INFO: [ app_end ] --END-- [ RunTime:0.000844s ]

[ 2016-06-14T08:34:52+08:00 ] 127.0.0.1 /index.php/Admin/Age/index.html
INFO: [ app_init ] --START--
INFO: Run Behavior\BuildLiteBehavior [ RunTime:0.000016s ]
INFO: [ app_init ] --END-- [ RunTime:0.000424s ]
INFO: [ app_begin ] --START--
INFO: Run Behavior\ReadHtmlCacheBehavior [ RunTime:0.000751s ]
INFO: [ app_begin ] --END-- [ RunTime:0.000810s ]
SQL: SHOW COLUMNS FROM `hf_message` [ RunTime:0.0044s ]
SQL: SELECT COUNT(*) AS tp_count FROM `hf_message` LIMIT 1   [ RunTime:0.0002s ]
SQL: SELECT * FROM `hf_message` ORDER BY isread asc LIMIT 0,5   [ RunTime:0.0003s ]
INFO: [ view_parse ] --START--
INFO: [ template_filter ] --START--
INFO: Run Behavior\ContentReplaceBehavior [ RunTime:0.000082s ]
INFO: [ template_filter ] --END-- [ RunTime:0.000155s ]
NOTIC: [8] Use of undefined constant Designer - assumed 'Designer' F:\Home\Runtime\Cache\Admin\1e968c02e31869e417a141e1d7961c83.php 第 46 行.
NOTIC: [8] Use of undefined constant index - assumed 'index' F:\Home\Runtime\Cache\Admin\1e968c02e31869e417a141e1d7961c83.php 第 46 行.
NOTIC: [2] Division by zero F:\Home\Runtime\Cache\Admin\1e968c02e31869e417a141e1d7961c83.php 第 46 行.
INFO: Run Behavior\ParseTemplateBehavior [ RunTime:0.013228s ]
INFO: [ view_parse ] --END-- [ RunTime:0.013300s ]
INFO: [ view_filter ] --START--
INFO: Run Behavior\WriteHtmlCacheBehavior [ RunTime:0.000597s ]
INFO: [ view_filter ] --END-- [ RunTime:0.000650s ]
INFO: [ app_end ] --START--
INFO: Run Behavior\ShowPageTraceBehavior [ RunTime:0.000797s ]
INFO: [ app_end ] --END-- [ RunTime:0.000860s ]

[ 2016-06-14T08:35:17+08:00 ] 127.0.0.1 /index.php/Admin/Index/index.html
INFO: [ app_init ] --START--
INFO: Run Behavior\BuildLiteBehavior [ RunTime:0.000029s ]
INFO: [ app_init ] --END-- [ RunTime:0.000788s ]
INFO: [ app_begin ] --START--
INFO: Run Behavior\ReadHtmlCacheBehavior [ RunTime:0.000997s ]
INFO: [ app_begin ] --END-- [ RunTime:0.001120s ]
INFO: [ view_parse ] --START--
INFO: [ template_filter ] --START--
INFO: Run Behavior\ContentReplaceBehavior [ RunTime:0.000074s ]
INFO: [ template_filter ] --END-- [ RunTime:0.000162s ]
NOTIC: [8] Use of undefined constant Designer - assumed 'Designer' F:\Home\Runtime\Cache\Admin\16753443f2ff8113066edeb5dd269785.php 第 44 行.
NOTIC: [8] Use of undefined constant index - assumed 'index' F:\Home\Runtime\Cache\Admin\16753443f2ff8113066edeb5dd269785.php 第 44 行.
NOTIC: [2] Division by zero F:\Home\Runtime\Cache\Admin\16753443f2ff8113066edeb5dd269785.php 第 44 行.
INFO: Run Behavior\ParseTemplateBehavior [ RunTime:0.084095s ]
INFO: [ view_parse ] --END-- [ RunTime:0.084169s ]
INFO: [ view_filter ] --START--
INFO: Run Behavior\WriteHtmlCacheBehavior [ RunTime:0.000862s ]
INFO: [ view_filter ] --END-- [ RunTime:0.000945s ]
INFO: [ app_end ] --START--
INFO: Run Behavior\ShowPageTraceBehavior [ RunTime:0.001160s ]
INFO: [ app_end ] --END-- [ RunTime:0.001267s ]

[ 2016-06-14T08:35:18+08:00 ] 127.0.0.1 /index.php/Admin/Index/index.html
INFO: [ app_init ] --START--
INFO: Run Behavior\BuildLiteBehavior [ RunTime:0.000016s ]
INFO: [ app_init ] --END-- [ RunTime:0.000426s ]
INFO: [ app_begin ] --START--
INFO: Run Behavior\ReadHtmlCacheBehavior [ RunTime:0.000784s ]
INFO: [ app_begin ] --END-- [ RunTime:0.000848s ]
INFO: [ view_parse ] --START--
INFO: [ template_filter ] --START--
INFO: Run Behavior\ContentReplaceBehavior [ RunTime:0.000064s ]
INFO: [ template_filter ] --END-- [ RunTime:0.000141s ]
NOTIC: [8] Use of undefined constant Designer - assumed 'Designer' F:\Home\Runtime\Cache\Admin\16753443f2ff8113066edeb5dd269785.php 第 44 行.
NOTIC: [8] Use of undefined constant index - assumed 'index' F:\Home\Runtime\Cache\Admin\16753443f2ff8113066edeb5dd269785.php 第 44 行.
NOTIC: [2] Division by zero F:\Home\Runtime\Cache\Admin\16753443f2ff8113066edeb5dd269785.php 第 44 行.
INFO: Run Behavior\ParseTemplateBehavior [ RunTime:0.010517s ]
INFO: [ view_parse ] --END-- [ RunTime:0.010624s ]
INFO: [ view_filter ] --START--
INFO: Run Behavior\WriteHtmlCacheBehavior [ RunTime:0.000957s ]
INFO: [ view_filter ] --END-- [ RunTime:0.001052s ]
INFO: [ app_end ] --START--
INFO: Run Behavior\ShowPageTraceBehavior [ RunTime:0.000872s ]
INFO: [ app_end ] --END-- [ RunTime:0.000958s ]

[ 2016-06-14T08:35:49+08:00 ] 127.0.0.1 /index.php/Admin/Index/index.html
INFO: [ app_init ] --START--
INFO: Run Behavior\BuildLiteBehavior [ RunTime:0.000018s ]
INFO: [ app_init ] --END-- [ RunTime:0.000508s ]
INFO: [ app_begin ] --START--
INFO: Run Behavior\ReadHtmlCacheBehavior [ RunTime:0.000960s ]
INFO: [ app_begin ] --END-- [ RunTime:0.001043s ]
INFO: [ view_parse ] --START--
INFO: [ template_filter ] --START--
INFO: Run Behavior\ContentReplaceBehavior [ RunTime:0.000071s ]
INFO: [ template_filter ] --END-- [ RunTime:0.000156s ]
NOTIC: [8] Use of undefined constant Designer - assumed 'Designer' F:\Home\Runtime\Cache\Admin\16753443f2ff8113066edeb5dd269785.php 第 44 行.
NOTIC: [8] Use of undefined constant index - assumed 'index' F:\Home\Runtime\Cache\Admin\16753443f2ff8113066edeb5dd269785.php 第 44 行.
NOTIC: [2] Division by zero F:\Home\Runtime\Cache\Admin\16753443f2ff8113066edeb5dd269785.php 第 44 行.
INFO: Run Behavior\ParseTemplateBehavior [ RunTime:0.011887s ]
INFO: [ view_parse ] --END-- [ RunTime:0.011969s ]
INFO: [ view_filter ] --START--
INFO: Run Behavior\WriteHtmlCacheBehavior [ RunTime:0.000612s ]
INFO: [ view_filter ] --END-- [ RunTime:0.000669s ]
INFO: [ app_end ] --START--
INFO: Run Behavior\ShowPageTraceBehavior [ RunTime:0.000812s ]
INFO: [ app_end ] --END-- [ RunTime:0.000869s ]

[ 2016-06-14T08:35:54+08:00 ] 127.0.0.1 /index.php/Admin/Furniture/furniture.html
INFO: [ app_init ] --START--
INFO: Run Behavior\BuildLiteBehavior [ RunTime:0.000024s ]
INFO: [ app_init ] --END-- [ RunTime:0.000618s ]
INFO: [ app_begin ] --START--
INFO: Run Behavior\ReadHtmlCacheBehavior [ RunTime:0.000795s ]
INFO: [ app_begin ] --END-- [ RunTime:0.000869s ]
SQL: SHOW COLUMNS FROM `hf_furniture` [ RunTime:0.0054s ]
SQL: SHOW COLUMNS FROM `hf_furniture` [ RunTime:0.0047s ]
SQL: SELECT COUNT(*) AS tp_count FROM hf_furniture as t1,hf_category as t2 WHERE ( t1.cate_id = t2.id ) LIMIT 1   [ RunTime:0.0004s ]
SQL: SHOW COLUMNS FROM `hf_furniture` [ RunTime:0.0055s ]
SQL: SELECT t1.*,t2.name as cate_name FROM hf_furniture as t1,hf_category as t2 WHERE ( t1.cate_id = t2.id ) LIMIT 0,2   [ RunTime:0.0004s ]
SQL: SHOW COLUMNS FROM `hf_category` [ RunTime:0.0046s ]
SQL: SELECT * FROM `hf_category`  [ RunTime:0.0003s ]
INFO: [ view_parse ] --START--
INFO: [ template_filter ] --START--
INFO: Run Behavior\ContentReplaceBehavior [ RunTime:0.000099s ]
INFO: [ template_filter ] --END-- [ RunTime:0.000170s ]
NOTIC: [8] Use of undefined constant Designer - assumed 'Designer' F:\Home\Runtime\Cache\Admin\ece67a332ff2e9cadc98e503bdf8f9e2.php 第 44 行.
NOTIC: [8] Use of undefined constant index - assumed 'index' F:\Home\Runtime\Cache\Admin\ece67a332ff2e9cadc98e503bdf8f9e2.php 第 44 行.
NOTIC: [2] Division by zero F:\Home\Runtime\Cache\Admin\ece67a332ff2e9cadc98e503bdf8f9e2.php 第 44 行.
INFO: Run Behavior\ParseTemplateBehavior [ RunTime:0.013912s ]
INFO: [ view_parse ] --END-- [ RunTime:0.014000s ]
INFO: [ view_filter ] --START--
INFO: Run Behavior\WriteHtmlCacheBehavior [ RunTime:0.000582s ]
INFO: [ view_filter ] --END-- [ RunTime:0.000634s ]
INFO: [ app_end ] --START--
INFO: Run Behavior\ShowPageTraceBehavior [ RunTime:0.001075s ]
INFO: [ app_end ] --END-- [ RunTime:0.001186s ]

[ 2016-06-14T08:39:55+08:00 ] 127.0.0.1 /index.php/Admin/Furniture/furniture.html
INFO: [ app_init ] --START--
INFO: Run Behavior\BuildLiteBehavior [ RunTime:0.000017s ]
INFO: [ app_init ] --END-- [ RunTime:0.000494s ]
INFO: [ app_begin ] --START--
INFO: Run Behavior\ReadHtmlCacheBehavior [ RunTime:0.001113s ]
INFO: [ app_begin ] --END-- [ RunTime:0.001229s ]
SQL: SHOW COLUMNS FROM `hf_furniture` [ RunTime:0.0048s ]
SQL: SHOW COLUMNS FROM `hf_furniture` [ RunTime:0.0517s ]
SQL: SELECT COUNT(*) AS tp_count FROM hf_furniture as t1,hf_category as t2 WHERE ( t1.cate_id = t2.id ) LIMIT 1   [ RunTime:0.0009s ]
SQL: SHOW COLUMNS FROM `hf_furniture` [ RunTime:0.0049s ]
SQL: SELECT t1.*,t2.name as cate_name FROM hf_furniture as t1,hf_category as t2 WHERE ( t1.cate_id = t2.id ) LIMIT 0,2   [ RunTime:0.0005s ]
SQL: SHOW COLUMNS FROM `hf_category` [ RunTime:0.0053s ]
SQL: SELECT * FROM `hf_category`  [ RunTime:0.0003s ]
INFO: [ view_parse ] --START--
INFO: [ template_filter ] --START--
INFO: Run Behavior\ContentReplaceBehavior [ RunTime:0.000074s ]
INFO: [ template_filter ] --END-- [ RunTime:0.000140s ]
NOTIC: [8] Use of undefined constant Designer - assumed 'Designer' F:\Home\Runtime\Cache\Admin\ece67a332ff2e9cadc98e503bdf8f9e2.php 第 44 行.
NOTIC: [8] Use of undefined constant index - assumed 'index' F:\Home\Runtime\Cache\Admin\ece67a332ff2e9cadc98e503bdf8f9e2.php 第 44 行.
NOTIC: [2] Division by zero F:\Home\Runtime\Cache\Admin\ece67a332ff2e9cadc98e503bdf8f9e2.php 第 44 行.
INFO: Run Behavior\ParseTemplateBehavior [ RunTime:0.014265s ]
INFO: [ view_parse ] --END-- [ RunTime:0.014344s ]
INFO: [ view_filter ] --START--
INFO: Run Behavior\WriteHtmlCacheBehavior [ RunTime:0.000615s ]
INFO: [ view_filter ] --END-- [ RunTime:0.000664s ]
INFO: [ app_end ] --START--
INFO: Run Behavior\ShowPageTraceBehavior [ RunTime:0.001181s ]
INFO: [ app_end ] --END-- [ RunTime:0.001284s ]

[ 2016-06-14T08:39:58+08:00 ] 127.0.0.1 /index.php/Admin/Index/index.html
INFO: [ app_init ] --START--
INFO: Run Behavior\BuildLiteBehavior [ RunTime:0.000027s ]
INFO: [ app_init ] --END-- [ RunTime:0.000764s ]
INFO: [ app_begin ] --START--
INFO: Run Behavior\ReadHtmlCacheBehavior [ RunTime:0.000973s ]
INFO: [ app_begin ] --END-- [ RunTime:0.001059s ]
INFO: [ view_parse ] --START--
INFO: [ template_filter ] --START--
INFO: Run Behavior\ContentReplaceBehavior [ RunTime:0.000100s ]
INFO: [ template_filter ] --END-- [ RunTime:0.000182s ]
NOTIC: [8] Use of undefined constant Designer - assumed 'Designer' F:\Home\Runtime\Cache\Admin\16753443f2ff8113066edeb5dd269785.php 第 44 行.
NOTIC: [8] Use of undefined constant index - assumed 'index' F:\Home\Runtime\Cache\Admin\16753443f2ff8113066edeb5dd269785.php 第 44 行.
NOTIC: [2] Division by zero F:\Home\Runtime\Cache\Admin\16753443f2ff8113066edeb5dd269785.php 第 44 行.
INFO: Run Behavior\ParseTemplateBehavior [ RunTime:0.089202s ]
INFO: [ view_parse ] --END-- [ RunTime:0.089298s ]
INFO: [ view_filter ] --START--
INFO: Run Behavior\WriteHtmlCacheBehavior [ RunTime:0.000663s ]
INFO: [ view_filter ] --END-- [ RunTime:0.000731s ]
INFO: [ app_end ] --START--
INFO: Run Behavior\ShowPageTraceBehavior [ RunTime:0.000917s ]
INFO: [ app_end ] --END-- [ RunTime:0.000986s ]

[ 2016-06-14T08:40:02+08:00 ] 127.0.0.1 /index.php/Admin/Category/index.html
INFO: [ app_init ] --START--
INFO: Run Behavior\BuildLiteBehavior [ RunTime:0.000019s ]
INFO: [ app_init ] --END-- [ RunTime:0.000566s ]
INFO: [ app_begin ] --START--
INFO: Run Behavior\ReadHtmlCacheBehavior [ RunTime:0.000893s ]
INFO: [ app_begin ] --END-- [ RunTime:0.000964s ]
SQL: SHOW COLUMNS FROM `hf_category` [ RunTime:0.0048s ]
SQL: SELECT COUNT(*) AS tp_count FROM `hf_category` LIMIT 1   [ RunTime:0.0003s ]
SQL: SELECT * FROM `hf_category`  [ RunTime:0.0003s ]
INFO: [ view_parse ] --START--
INFO: [ template_filter ] --START--
INFO: Run Behavior\ContentReplaceBehavior [ RunTime:0.000085s ]
INFO: [ template_filter ] --END-- [ RunTime:0.000180s ]
NOTIC: [8] Use of undefined constant Designer - assumed 'Designer' F:\Home\Runtime\Cache\Admin\b5a303a76e63c9d5e8d20284350274ba.php 第 47 行.
NOTIC: [8] Use of undefined constant index - assumed 'index' F:\Home\Runtime\Cache\Admin\b5a303a76e63c9d5e8d20284350274ba.php 第 47 行.
NOTIC: [2] Division by zero F:\Home\Runtime\Cache\Admin\b5a303a76e63c9d5e8d20284350274ba.php 第 47 行.
NOTIC: [8] Undefined variable: show F:\Home\Runtime\Cache\Admin\b5a303a76e63c9d5e8d20284350274ba.php 第 101 行.
INFO: Run Behavior\ParseTemplateBehavior [ RunTime:0.017275s ]
INFO: [ view_parse ] --END-- [ RunTime:0.017375s ]
INFO: [ view_filter ] --START--
INFO: Run Behavior\WriteHtmlCacheBehavior [ RunTime:0.000798s ]
INFO: [ view_filter ] --END-- [ RunTime:0.000867s ]
INFO: [ app_end ] --START--
INFO: Run Behavior\ShowPageTraceBehavior [ RunTime:0.001338s ]
INFO: [ app_end ] --END-- [ RunTime:0.001447s ]

[ 2016-06-14T08:40:03+08:00 ] 127.0.0.1 /index.php/Admin/Category/index.html
INFO: [ app_init ] --START--
INFO: Run Behavior\BuildLiteBehavior [ RunTime:0.000023s ]
INFO: [ app_init ] --END-- [ RunTime:0.000515s ]
INFO: [ app_begin ] --START--
INFO: Run Behavior\ReadHtmlCacheBehavior [ RunTime:0.000920s ]
INFO: [ app_begin ] --END-- [ RunTime:0.000998s ]
SQL: SHOW COLUMNS FROM `hf_category` [ RunTime:0.0075s ]
SQL: SELECT COUNT(*) AS tp_count FROM `hf_category` LIMIT 1   [ RunTime:0.0003s ]
SQL: SELECT * FROM `hf_category`  [ RunTime:0.0003s ]
INFO: [ view_parse ] --START--
INFO: [ template_filter ] --START--
INFO: Run Behavior\ContentReplaceBehavior [ RunTime:0.000073s ]
INFO: [ template_filter ] --END-- [ RunTime:0.000144s ]
NOTIC: [8] Use of undefined constant Designer - assumed 'Designer' F:\Home\Runtime\Cache\Admin\b5a303a76e63c9d5e8d20284350274ba.php 第 47 行.
NOTIC: [8] Use of undefined constant index - assumed 'index' F:\Home\Runtime\Cache\Admin\b5a303a76e63c9d5e8d20284350274ba.php 第 47 行.
NOTIC: [2] Division by zero F:\Home\Runtime\Cache\Admin\b5a303a76e63c9d5e8d20284350274ba.php 第 47 行.
NOTIC: [8] Undefined variable: show F:\Home\Runtime\Cache\Admin\b5a303a76e63c9d5e8d20284350274ba.php 第 101 行.
INFO: Run Behavior\ParseTemplateBehavior [ RunTime:0.011538s ]
INFO: [ view_parse ] --END-- [ RunTime:0.011616s ]
INFO: [ view_filter ] --START--
INFO: Run Behavior\WriteHtmlCacheBehavior [ RunTime:0.000686s ]
INFO: [ view_filter ] --END-- [ RunTime:0.000746s ]
INFO: [ app_end ] --START--
INFO: Run Behavior\ShowPageTraceBehavior [ RunTime:0.001008s ]
INFO: [ app_end ] --END-- [ RunTime:0.001105s ]

[ 2016-06-14T08:40:05+08:00 ] 127.0.0.1 /index.php/Admin/Category/index.html
INFO: [ app_init ] --START--
INFO: Run Behavior\BuildLiteBehavior [ RunTime:0.000016s ]
INFO: [ app_init ] --END-- [ RunTime:0.000446s ]
INFO: [ app_begin ] --START--
INFO: Run Behavior\ReadHtmlCacheBehavior [ RunTime:0.000873s ]
INFO: [ app_begin ] --END-- [ RunTime:0.000957s ]
SQL: SHOW COLUMNS FROM `hf_category` [ RunTime:0.0043s ]
SQL: SELECT COUNT(*) AS tp_count FROM `hf_category` LIMIT 1   [ RunTime:0.0002s ]
SQL: SELECT * FROM `hf_category`  [ RunTime:0.0002s ]
INFO: [ view_parse ] --START--
INFO: [ template_filter ] --START--
INFO: Run Behavior\ContentReplaceBehavior [ RunTime:0.000072s ]
INFO: [ template_filter ] --END-- [ RunTime:0.000145s ]
NOTIC: [8] Use of undefined constant Designer - assumed 'Designer' F:\Home\Runtime\Cache\Admin\b5a303a76e63c9d5e8d20284350274ba.php 第 47 行.
NOTIC: [8] Use of undefined constant index - assumed 'index' F:\Home\Runtime\Cache\Admin\b5a303a76e63c9d5e8d20284350274ba.php 第 47 行.
NOTIC: [2] Division by zero F:\Home\Runtime\Cache\Admin\b5a303a76e63c9d5e8d20284350274ba.php 第 47 行.
NOTIC: [8] Undefined variable: show F:\Home\Runtime\Cache\Admin\b5a303a76e63c9d5e8d20284350274ba.php 第 101 行.
INFO: Run Behavior\ParseTemplateBehavior [ RunTime:0.013355s ]
INFO: [ view_parse ] --END-- [ RunTime:0.013435s ]
INFO: [ view_filter ] --START--
INFO: Run Behavior\WriteHtmlCacheBehavior [ RunTime:0.000582s ]
INFO: [ view_filter ] --END-- [ RunTime:0.000635s ]
INFO: [ app_end ] --START--
INFO: Run Behavior\ShowPageTraceBehavior [ RunTime:0.001023s ]
INFO: [ app_end ] --END-- [ RunTime:0.001101s ]

[ 2016-06-14T08:41:58+08:00 ] 127.0.0.1 /index.php/Admin/Index/index.html
INFO: [ app_init ] --START--
INFO: Run Behavior\BuildLiteBehavior [ RunTime:0.000018s ]
INFO: [ app_init ] --END-- [ RunTime:0.000483s ]
INFO: [ app_begin ] --START--
INFO: Run Behavior\ReadHtmlCacheBehavior [ RunTime:0.001010s ]
INFO: [ app_begin ] --END-- [ RunTime:0.001101s ]
INFO: [ view_parse ] --START--
INFO: [ template_filter ] --START--
INFO: Run Behavior\ContentReplaceBehavior [ RunTime:0.000066s ]
INFO: [ template_filter ] --END-- [ RunTime:0.000163s ]
NOTIC: [8] Use of undefined constant Designer - assumed 'Designer' F:\Home\Runtime\Cache\Admin\16753443f2ff8113066edeb5dd269785.php 第 44 行.
NOTIC: [8] Use of undefined constant index - assumed 'index' F:\Home\Runtime\Cache\Admin\16753443f2ff8113066edeb5dd269785.php 第 44 行.
NOTIC: [2] Division by zero F:\Home\Runtime\Cache\Admin\16753443f2ff8113066edeb5dd269785.php 第 44 行.
INFO: Run Behavior\ParseTemplateBehavior [ RunTime:0.011210s ]
INFO: [ view_parse ] --END-- [ RunTime:0.011283s ]
INFO: [ view_filter ] --START--
INFO: Run Behavior\WriteHtmlCacheBehavior [ RunTime:0.000523s ]
INFO: [ view_filter ] --END-- [ RunTime:0.000585s ]
INFO: [ app_end ] --START--
INFO: Run Behavior\ShowPageTraceBehavior [ RunTime:0.000750s ]
INFO: [ app_end ] --END-- [ RunTime:0.000827s ]

[ 2016-06-14T08:42:07+08:00 ] 127.0.0.1 /index.php/Admin/Index/index.html
INFO: [ app_init ] --START--
INFO: Run Behavior\BuildLiteBehavior [ RunTime:0.000018s ]
INFO: [ app_init ] --END-- [ RunTime:0.000535s ]
INFO: [ app_begin ] --START--
INFO: Run Behavior\ReadHtmlCacheBehavior [ RunTime:0.000791s ]
INFO: [ app_begin ] --END-- [ RunTime:0.000856s ]
INFO: [ view_parse ] --START--
INFO: [ template_filter ] --START--
INFO: Run Behavior\ContentReplaceBehavior [ RunTime:0.000066s ]
INFO: [ template_filter ] --END-- [ RunTime:0.000138s ]
NOTIC: [8] Use of undefined constant Designer - assumed 'Designer' F:\Home\Runtime\Cache\Admin\16753443f2ff8113066edeb5dd269785.php 第 44 行.
NOTIC: [8] Use of undefined constant index - assumed 'index' F:\Home\Runtime\Cache\Admin\16753443f2ff8113066edeb5dd269785.php 第 44 行.
NOTIC: [2] Division by zero F:\Home\Runtime\Cache\Admin\16753443f2ff8113066edeb5dd269785.php 第 44 行.
INFO: Run Behavior\ParseTemplateBehavior [ RunTime:0.009721s ]
INFO: [ view_parse ] --END-- [ RunTime:0.009788s ]
INFO: [ view_filter ] --START--
INFO: Run Behavior\WriteHtmlCacheBehavior [ RunTime:0.000637s ]
INFO: [ view_filter ] --END-- [ RunTime:0.000694s ]
INFO: [ app_end ] --START--
INFO: Run Behavior\ShowPageTraceBehavior [ RunTime:0.000878s ]
INFO: [ app_end ] --END-- [ RunTime:0.000965s ]

[ 2016-06-14T08:42:22+08:00 ] 127.0.0.1 /index.php/Admin/Furniture/furniture.html
INFO: [ app_init ] --START--
INFO: Run Behavior\BuildLiteBehavior [ RunTime:0.000017s ]
INFO: [ app_init ] --END-- [ RunTime:0.000528s ]
INFO: [ app_begin ] --START--
INFO: Run Behavior\ReadHtmlCacheBehavior [ RunTime:0.000961s ]
INFO: [ app_begin ] --END-- [ RunTime:0.001065s ]
SQL: SHOW COLUMNS FROM `hf_furniture` [ RunTime:0.0058s ]
SQL: SHOW COLUMNS FROM `hf_furniture` [ RunTime:0.0474s ]
SQL: SELECT COUNT(*) AS tp_count FROM hf_furniture as t1,hf_category as t2 WHERE ( t1.cate_id = t2.id ) LIMIT 1   [ RunTime:0.0004s ]
SQL: SHOW COLUMNS FROM `hf_furniture` [ RunTime:0.0042s ]
SQL: SELECT t1.*,t2.name as cate_name FROM hf_furniture as t1,hf_category as t2 WHERE ( t1.cate_id = t2.id ) LIMIT 0,2   [ RunTime:0.0004s ]
SQL: SHOW COLUMNS FROM `hf_category` [ RunTime:0.0040s ]
SQL: SELECT * FROM `hf_category`  [ RunTime:0.0003s ]
INFO: [ view_parse ] --START--
INFO: [ template_filter ] --START--
INFO: Run Behavior\ContentReplaceBehavior [ RunTime:0.000111s ]
INFO: [ template_filter ] --END-- [ RunTime:0.000213s ]
NOTIC: [8] Use of undefined constant Designer - assumed 'Designer' F:\Home\Runtime\Cache\Admin\ece67a332ff2e9cadc98e503bdf8f9e2.php 第 44 行.
NOTIC: [8] Use of undefined constant index - assumed 'index' F:\Home\Runtime\Cache\Admin\ece67a332ff2e9cadc98e503bdf8f9e2.php 第 44 行.
NOTIC: [2] Division by zero F:\Home\Runtime\Cache\Admin\ece67a332ff2e9cadc98e503bdf8f9e2.php 第 44 行.
INFO: Run Behavior\ParseTemplateBehavior [ RunTime:0.014028s ]
INFO: [ view_parse ] --END-- [ RunTime:0.014107s ]
INFO: [ view_filter ] --START--
INFO: Run Behavior\WriteHtmlCacheBehavior [ RunTime:0.000621s ]
INFO: [ view_filter ] --END-- [ RunTime:0.000672s ]
INFO: [ app_end ] --START--
INFO: Run Behavior\ShowPageTraceBehavior [ RunTime:0.001055s ]
INFO: [ app_end ] --END-- [ RunTime:0.001154s ]

