[ 2016-06-13T19:13:18+08:00 ] 127.0.0.1 /index.php/Admin/Index/index.html
INFO: [ app_init ] --START--
INFO: Run Behavior\BuildLiteBehavior [ RunTime:0.000017s ]
INFO: [ app_init ] --END-- [ RunTime:0.000521s ]
INFO: [ app_begin ] --START--
INFO: Run Behavior\ReadHtmlCacheBehavior [ RunTime:0.000746s ]
INFO: [ app_begin ] --END-- [ RunTime:0.000825s ]
INFO: [ view_parse ] --START--
INFO: [ template_filter ] --START--
INFO: Run Behavior\ContentReplaceBehavior [ RunTime:0.000064s ]
INFO: [ template_filter ] --END-- [ RunTime:0.000138s ]
INFO: Run Behavior\ParseTemplateBehavior [ RunTime:0.042922s ]
INFO: [ view_parse ] --END-- [ RunTime:0.043019s ]
INFO: [ view_filter ] --START--
INFO: Run Behavior\WriteHtmlCacheBehavior [ RunTime:0.000468s ]
INFO: [ view_filter ] --END-- [ RunTime:0.000525s ]
INFO: [ app_end ] --START--
INFO: Run Behavior\ShowPageTraceBehavior [ RunTime:0.000625s ]
INFO: [ app_end ] --END-- [ RunTime:0.000682s ]

[ 2016-06-13T19:13:22+08:00 ] 127.0.0.1 /index.php/Admin/Furniture/furniture.html
INFO: [ app_init ] --START--
INFO: Run Behavior\BuildLiteBehavior [ RunTime:0.000016s ]
INFO: [ app_init ] --END-- [ RunTime:0.000400s ]
INFO: [ app_begin ] --START--
INFO: Run Behavior\ReadHtmlCacheBehavior [ RunTime:0.000491s ]
INFO: [ app_begin ] --END-- [ RunTime:0.000558s ]
SQL: SHOW COLUMNS FROM `hf_furniture` [ RunTime:0.0053s ]
SQL: SHOW COLUMNS FROM `hf_furniture` [ RunTime:0.0564s ]
SQL: SELECT COUNT(*) AS tp_count FROM hf_furniture as t1,hf_category as t2 WHERE ( t1.cate_id = t2.id ) LIMIT 1   [ RunTime:0.1897s ]
SQL: SHOW COLUMNS FROM `hf_furniture` [ RunTime:0.0153s ]
SQL: SELECT t1.*,t2.name as cate_name FROM hf_furniture as t1,hf_category as t2 WHERE ( t1.cate_id = t2.id ) LIMIT 0,2   [ RunTime:0.0011s ]
SQL: SHOW COLUMNS FROM `hf_category` [ RunTime:0.0133s ]
SQL: SELECT * FROM `hf_category`  [ RunTime:0.0008s ]
INFO: [ view_parse ] --START--
INFO: [ template_filter ] --START--
INFO: Run Behavior\ContentReplaceBehavior [ RunTime:0.000163s ]
INFO: [ template_filter ] --END-- [ RunTime:0.000335s ]
INFO: Run Behavior\ParseTemplateBehavior [ RunTime:0.119522s ]
INFO: [ view_parse ] --END-- [ RunTime:0.119751s ]
INFO: [ view_filter ] --START--
INFO: Run Behavior\WriteHtmlCacheBehavior [ RunTime:0.000653s ]
INFO: [ view_filter ] --END-- [ RunTime:0.000775s ]
INFO: [ app_end ] --START--
INFO: Run Behavior\ShowPageTraceBehavior [ RunTime:0.001629s ]
INFO: [ app_end ] --END-- [ RunTime:0.001827s ]

[ 2016-06-13T19:13:24+08:00 ] 127.0.0.1 /index.php/Admin/Furniture/add.html
INFO: [ app_init ] --START--
INFO: Run Behavior\BuildLiteBehavior [ RunTime:0.000029s ]
INFO: [ app_init ] --END-- [ RunTime:0.000751s ]
INFO: [ app_begin ] --START--
INFO: Run Behavior\ReadHtmlCacheBehavior [ RunTime:0.000667s ]
INFO: [ app_begin ] --END-- [ RunTime:0.000755s ]
SQL: SHOW COLUMNS FROM `hf_category` [ RunTime:0.0046s ]
SQL: SELECT * FROM `hf_category`  [ RunTime:0.0004s ]
INFO: [ view_parse ] --START--
INFO: [ template_filter ] --START--
INFO: Run Behavior\ContentReplaceBehavior [ RunTime:0.000076s ]
INFO: [ template_filter ] --END-- [ RunTime:0.000163s ]
INFO: Run Behavior\ParseTemplateBehavior [ RunTime:0.034602s ]
INFO: [ view_parse ] --END-- [ RunTime:0.034703s ]
INFO: [ view_filter ] --START--
INFO: Run Behavior\WriteHtmlCacheBehavior [ RunTime:0.000294s ]
INFO: [ view_filter ] --END-- [ RunTime:0.000347s ]
INFO: [ app_end ] --START--
INFO: Run Behavior\ShowPageTraceBehavior [ RunTime:0.000502s ]
INFO: [ app_end ] --END-- [ RunTime:0.000555s ]

[ 2016-06-13T19:13:25+08:00 ] 127.0.0.1 /index.php/Admin/images/inputbg.png
INFO: [ app_init ] --START--
INFO: Run Behavior\BuildLiteBehavior [ RunTime:0.000027s ]
INFO: [ app_init ] --END-- [ RunTime:0.000381s ]

[ 2016-06-13T19:14:02+08:00 ] 127.0.0.1 /index.php/Admin/Furniture/addOk
INFO: [ app_init ] --START--
INFO: Run Behavior\BuildLiteBehavior [ RunTime:0.000016s ]
INFO: [ app_init ] --END-- [ RunTime:0.000381s ]
INFO: [ app_begin ] --START--
INFO: Run Behavior\ReadHtmlCacheBehavior [ RunTime:0.000881s ]
INFO: [ app_begin ] --END-- [ RunTime:0.001031s ]
NOTIC: [2] call_user_func() expects parameter 1 to be a valid callback, no array or string given F:\Home\ThinkPHP\Library\Think\Upload.class.php 第 170 行.
SQL: SHOW COLUMNS FROM `hf_furniture` [ RunTime:0.0050s ]
SQL: INSERT INTO `hf_furniture` (`name`,`cate_id`,`content`,`picture`,`thumb`,`addtime`) VALUES ('纱剪模型','1','&lt;p&gt;阿斯蒂芬&lt;/p&gt;','/Public/Uploads/2016-06-13/show_575e957a5ad5c.jpg','/Public/Uploads/2016-06-13/thumb_575e957a5ad5c.jpg','1465816442') [ RunTime:0.0039s ]
INFO: [ view_parse ] --START--
INFO: [ template_filter ] --START--
INFO: Run Behavior\ContentReplaceBehavior [ RunTime:0.000099s ]
INFO: [ template_filter ] --END-- [ RunTime:0.000263s ]
INFO: Run Behavior\ParseTemplateBehavior [ RunTime:0.042856s ]
INFO: [ view_parse ] --END-- [ RunTime:0.043119s ]
INFO: [ view_filter ] --START--
INFO: Run Behavior\WriteHtmlCacheBehavior [ RunTime:0.001546s ]
INFO: [ view_filter ] --END-- [ RunTime:0.001667s ]
INFO: [ app_end ] --START--
INFO: Run Behavior\ShowPageTraceBehavior [ RunTime:0.002106s ]
INFO: [ app_end ] --END-- [ RunTime:0.002241s ]

[ 2016-06-13T19:14:05+08:00 ] 127.0.0.1 /index.php/Admin/Furniture/furniture.html
INFO: [ app_init ] --START--
INFO: Run Behavior\BuildLiteBehavior [ RunTime:0.000017s ]
INFO: [ app_init ] --END-- [ RunTime:0.000426s ]
INFO: [ app_begin ] --START--
INFO: Run Behavior\ReadHtmlCacheBehavior [ RunTime:0.000917s ]
INFO: [ app_begin ] --END-- [ RunTime:0.000982s ]
SQL: SHOW COLUMNS FROM `hf_furniture` [ RunTime:0.0044s ]
SQL: SHOW COLUMNS FROM `hf_furniture` [ RunTime:0.0492s ]
SQL: SELECT COUNT(*) AS tp_count FROM hf_furniture as t1,hf_category as t2 WHERE ( t1.cate_id = t2.id ) LIMIT 1   [ RunTime:0.0004s ]
SQL: SHOW COLUMNS FROM `hf_furniture` [ RunTime:0.0042s ]
SQL: SELECT t1.*,t2.name as cate_name FROM hf_furniture as t1,hf_category as t2 WHERE ( t1.cate_id = t2.id ) LIMIT 0,2   [ RunTime:0.0004s ]
SQL: SHOW COLUMNS FROM `hf_category` [ RunTime:0.0044s ]
SQL: SELECT * FROM `hf_category`  [ RunTime:0.0002s ]
INFO: [ view_parse ] --START--
INFO: [ template_filter ] --START--
INFO: Run Behavior\ContentReplaceBehavior [ RunTime:0.000082s ]
INFO: [ template_filter ] --END-- [ RunTime:0.000149s ]
INFO: Run Behavior\ParseTemplateBehavior [ RunTime:0.013104s ]
INFO: [ view_parse ] --END-- [ RunTime:0.013191s ]
INFO: [ view_filter ] --START--
INFO: Run Behavior\WriteHtmlCacheBehavior [ RunTime:0.000713s ]
INFO: [ view_filter ] --END-- [ RunTime:0.000773s ]
INFO: [ app_end ] --START--
INFO: Run Behavior\ShowPageTraceBehavior [ RunTime:0.001202s ]
INFO: [ app_end ] --END-- [ RunTime:0.001284s ]

[ 2016-06-13T19:16:41+08:00 ] 127.0.0.1 /index.php/Admin/Furniture/add.html
INFO: [ app_init ] --START--
INFO: Run Behavior\BuildLiteBehavior [ RunTime:0.000018s ]
INFO: [ app_init ] --END-- [ RunTime:0.000502s ]
INFO: [ app_begin ] --START--
INFO: Run Behavior\ReadHtmlCacheBehavior [ RunTime:0.001012s ]
INFO: [ app_begin ] --END-- [ RunTime:0.001088s ]
SQL: SHOW COLUMNS FROM `hf_category` [ RunTime:0.0041s ]
SQL: SELECT * FROM `hf_category`  [ RunTime:0.0003s ]
INFO: [ view_parse ] --START--
INFO: [ template_filter ] --START--
INFO: Run Behavior\ContentReplaceBehavior [ RunTime:0.000103s ]
INFO: [ template_filter ] --END-- [ RunTime:0.000188s ]
INFO: Run Behavior\ParseTemplateBehavior [ RunTime:0.013157s ]
INFO: [ view_parse ] --END-- [ RunTime:0.013280s ]
INFO: [ view_filter ] --START--
INFO: Run Behavior\WriteHtmlCacheBehavior [ RunTime:0.000928s ]
INFO: [ view_filter ] --END-- [ RunTime:0.001065s ]
INFO: [ app_end ] --START--
INFO: Run Behavior\ShowPageTraceBehavior [ RunTime:0.001392s ]
INFO: [ app_end ] --END-- [ RunTime:0.001486s ]

[ 2016-06-13T19:16:41+08:00 ] 127.0.0.1 /index.php/Admin/images/inputbg.png
INFO: [ app_init ] --START--
INFO: Run Behavior\BuildLiteBehavior [ RunTime:0.000018s ]
INFO: [ app_init ] --END-- [ RunTime:0.000460s ]

[ 2016-06-13T19:16:52+08:00 ] 127.0.0.1 /index.php/Admin/Furniture/addOk
INFO: [ app_init ] --START--
INFO: Run Behavior\BuildLiteBehavior [ RunTime:0.000015s ]
INFO: [ app_init ] --END-- [ RunTime:0.000411s ]
INFO: [ app_begin ] --START--
INFO: Run Behavior\ReadHtmlCacheBehavior [ RunTime:0.000840s ]
INFO: [ app_begin ] --END-- [ RunTime:0.000915s ]
NOTIC: [2] call_user_func() expects parameter 1 to be a valid callback, no array or string given F:\Home\ThinkPHP\Library\Think\Upload.class.php 第 170 行.
SQL: SHOW COLUMNS FROM `hf_furniture` [ RunTime:0.0064s ]
SQL: INSERT INTO `hf_furniture` (`name`,`cate_id`,`content`,`picture`,`thumb`,`addtime`) VALUES ('筛分','1','&lt;p&gt;是打发&lt;/p&gt;','/Public/Uploads/2016-06-13/show_575e9623c2fec.jpg','/Public/Uploads/2016-06-13/thumb_575e9623c2fec.jpg','1465816612') [ RunTime:0.0003s ]
INFO: [ view_parse ] --START--
INFO: [ template_filter ] --START--
INFO: Run Behavior\ContentReplaceBehavior [ RunTime:0.000052s ]
INFO: [ template_filter ] --END-- [ RunTime:0.000121s ]
INFO: Run Behavior\ParseTemplateBehavior [ RunTime:0.008017s ]
INFO: [ view_parse ] --END-- [ RunTime:0.008092s ]
INFO: [ view_filter ] --START--
INFO: Run Behavior\WriteHtmlCacheBehavior [ RunTime:0.000571s ]
INFO: [ view_filter ] --END-- [ RunTime:0.000627s ]
INFO: [ app_end ] --START--
INFO: Run Behavior\ShowPageTraceBehavior [ RunTime:0.000774s ]
INFO: [ app_end ] --END-- [ RunTime:0.000838s ]

[ 2016-06-13T19:16:54+08:00 ] 127.0.0.1 /index.php/Admin/Furniture/furniture.html
INFO: [ app_init ] --START--
INFO: Run Behavior\BuildLiteBehavior [ RunTime:0.000018s ]
INFO: [ app_init ] --END-- [ RunTime:0.000512s ]
INFO: [ app_begin ] --START--
INFO: Run Behavior\ReadHtmlCacheBehavior [ RunTime:0.001600s ]
INFO: [ app_begin ] --END-- [ RunTime:0.001746s ]
SQL: SHOW COLUMNS FROM `hf_furniture` [ RunTime:0.0164s ]
SQL: SHOW COLUMNS FROM `hf_furniture` [ RunTime:0.0621s ]
SQL: SELECT COUNT(*) AS tp_count FROM hf_furniture as t1,hf_category as t2 WHERE ( t1.cate_id = t2.id ) LIMIT 1   [ RunTime:0.0004s ]
SQL: SHOW COLUMNS FROM `hf_furniture` [ RunTime:0.0494s ]
SQL: SELECT t1.*,t2.name as cate_name FROM hf_furniture as t1,hf_category as t2 WHERE ( t1.cate_id = t2.id ) LIMIT 0,2   [ RunTime:0.0005s ]
SQL: SHOW COLUMNS FROM `hf_category` [ RunTime:0.0459s ]
SQL: SELECT * FROM `hf_category`  [ RunTime:0.0003s ]
INFO: [ view_parse ] --START--
INFO: [ template_filter ] --START--
INFO: Run Behavior\ContentReplaceBehavior [ RunTime:0.000091s ]
INFO: [ template_filter ] --END-- [ RunTime:0.000169s ]
INFO: Run Behavior\ParseTemplateBehavior [ RunTime:0.016864s ]
INFO: [ view_parse ] --END-- [ RunTime:0.016989s ]
INFO: [ view_filter ] --START--
INFO: Run Behavior\WriteHtmlCacheBehavior [ RunTime:0.000729s ]
INFO: [ view_filter ] --END-- [ RunTime:0.000792s ]
INFO: [ app_end ] --START--
INFO: Run Behavior\ShowPageTraceBehavior [ RunTime:0.000977s ]
INFO: [ app_end ] --END-- [ RunTime:0.001050s ]

[ 2016-06-13T19:16:54+08:00 ] 127.0.0.1 /index.php/Admin/Furniture/furniture.html
INFO: [ app_init ] --START--
INFO: Run Behavior\BuildLiteBehavior [ RunTime:0.000016s ]
INFO: [ app_init ] --END-- [ RunTime:0.000439s ]
INFO: [ app_begin ] --START--
INFO: Run Behavior\ReadHtmlCacheBehavior [ RunTime:0.000790s ]
INFO: [ app_begin ] --END-- [ RunTime:0.000851s ]
SQL: SHOW COLUMNS FROM `hf_furniture` [ RunTime:0.0043s ]
SQL: SHOW COLUMNS FROM `hf_furniture` [ RunTime:0.0042s ]
SQL: SELECT COUNT(*) AS tp_count FROM hf_furniture as t1,hf_category as t2 WHERE ( t1.cate_id = t2.id ) LIMIT 1   [ RunTime:0.0003s ]
SQL: SHOW COLUMNS FROM `hf_furniture` [ RunTime:0.0053s ]
SQL: SELECT t1.*,t2.name as cate_name FROM hf_furniture as t1,hf_category as t2 WHERE ( t1.cate_id = t2.id ) LIMIT 0,2   [ RunTime:0.0007s ]
SQL: SHOW COLUMNS FROM `hf_category` [ RunTime:0.0052s ]
SQL: SELECT * FROM `hf_category`  [ RunTime:0.0003s ]
INFO: [ view_parse ] --START--
INFO: [ template_filter ] --START--
INFO: Run Behavior\ContentReplaceBehavior [ RunTime:0.000082s ]
INFO: [ template_filter ] --END-- [ RunTime:0.000154s ]
INFO: Run Behavior\ParseTemplateBehavior [ RunTime:0.013790s ]
INFO: [ view_parse ] --END-- [ RunTime:0.013878s ]
INFO: [ view_filter ] --START--
INFO: Run Behavior\WriteHtmlCacheBehavior [ RunTime:0.000579s ]
INFO: [ view_filter ] --END-- [ RunTime:0.000645s ]
INFO: [ app_end ] --START--
INFO: Run Behavior\ShowPageTraceBehavior [ RunTime:0.001015s ]
INFO: [ app_end ] --END-- [ RunTime:0.001106s ]

[ 2016-06-13T19:18:51+08:00 ] 127.0.0.1 /index.php/Admin/Furniture/add.html
INFO: [ app_init ] --START--
INFO: Run Behavior\BuildLiteBehavior [ RunTime:0.000023s ]
INFO: [ app_init ] --END-- [ RunTime:0.000569s ]
INFO: [ app_begin ] --START--
INFO: Run Behavior\ReadHtmlCacheBehavior [ RunTime:0.000943s ]
INFO: [ app_begin ] --END-- [ RunTime:0.001044s ]
SQL: SHOW COLUMNS FROM `hf_category` [ RunTime:0.0116s ]
SQL: SELECT * FROM `hf_category`  [ RunTime:0.0003s ]
INFO: [ view_parse ] --START--
INFO: [ template_filter ] --START--
INFO: Run Behavior\ContentReplaceBehavior [ RunTime:0.000077s ]
INFO: [ template_filter ] --END-- [ RunTime:0.000162s ]
INFO: Run Behavior\ParseTemplateBehavior [ RunTime:0.013166s ]
INFO: [ view_parse ] --END-- [ RunTime:0.013284s ]
INFO: [ view_filter ] --START--
INFO: Run Behavior\WriteHtmlCacheBehavior [ RunTime:0.000491s ]
INFO: [ view_filter ] --END-- [ RunTime:0.000548s ]
INFO: [ app_end ] --START--
INFO: Run Behavior\ShowPageTraceBehavior [ RunTime:0.000682s ]
INFO: [ app_end ] --END-- [ RunTime:0.000741s ]

[ 2016-06-13T19:18:52+08:00 ] 127.0.0.1 /index.php/Admin/images/inputbg.png
INFO: [ app_init ] --START--
INFO: Run Behavior\BuildLiteBehavior [ RunTime:0.000026s ]
INFO: [ app_init ] --END-- [ RunTime:0.000557s ]

[ 2016-06-13T19:19:02+08:00 ] 127.0.0.1 /index.php/Admin/Furniture/addOk
INFO: [ app_init ] --START--
INFO: Run Behavior\BuildLiteBehavior [ RunTime:0.000018s ]
INFO: [ app_init ] --END-- [ RunTime:0.000522s ]
INFO: [ app_begin ] --START--
INFO: Run Behavior\ReadHtmlCacheBehavior [ RunTime:0.000716s ]
INFO: [ app_begin ] --END-- [ RunTime:0.000800s ]
NOTIC: [2] call_user_func() expects parameter 1 to be a valid callback, no array or string given F:\Home\ThinkPHP\Library\Think\Upload.class.php 第 170 行.
SQL: SHOW COLUMNS FROM `hf_furniture` [ RunTime:0.0040s ]
SQL: INSERT INTO `hf_furniture` (`name`,`cate_id`,`content`,`picture`,`thumb`,`addtime`) VALUES ('阿萨德','2','&lt;p&gt;阿斯蒂芬&lt;/p&gt;','/Public/Uploads/2016-06-13/show_575e96a5d5390.jpg','/Public/Uploads/2016-06-13/thumb_575e96a5d5390.jpg','1465816742') [ RunTime:0.0003s ]
INFO: [ view_parse ] --START--
INFO: [ template_filter ] --START--
INFO: Run Behavior\ContentReplaceBehavior [ RunTime:0.000057s ]
INFO: [ template_filter ] --END-- [ RunTime:0.000140s ]
INFO: Run Behavior\ParseTemplateBehavior [ RunTime:0.029576s ]
INFO: [ view_parse ] --END-- [ RunTime:0.029736s ]
INFO: [ view_filter ] --START--
INFO: Run Behavior\WriteHtmlCacheBehavior [ RunTime:0.001268s ]
INFO: [ view_filter ] --END-- [ RunTime:0.001383s ]
INFO: [ app_end ] --START--
INFO: Run Behavior\ShowPageTraceBehavior [ RunTime:0.001619s ]
INFO: [ app_end ] --END-- [ RunTime:0.001735s ]

[ 2016-06-13T19:19:04+08:00 ] 127.0.0.1 /index.php/Admin/Furniture/furniture.html
INFO: [ app_init ] --START--
INFO: Run Behavior\BuildLiteBehavior [ RunTime:0.000022s ]
INFO: [ app_init ] --END-- [ RunTime:0.000609s ]
INFO: [ app_begin ] --START--
INFO: Run Behavior\ReadHtmlCacheBehavior [ RunTime:0.001402s ]
INFO: [ app_begin ] --END-- [ RunTime:0.001502s ]
SQL: SHOW COLUMNS FROM `hf_furniture` [ RunTime:0.1737s ]
SQL: SHOW COLUMNS FROM `hf_furniture` [ RunTime:0.0124s ]
SQL: SELECT COUNT(*) AS tp_count FROM hf_furniture as t1,hf_category as t2 WHERE ( t1.cate_id = t2.id ) LIMIT 1   [ RunTime:0.0008s ]
SQL: SHOW COLUMNS FROM `hf_furniture` [ RunTime:0.0106s ]
SQL: SELECT t1.*,t2.name as cate_name FROM hf_furniture as t1,hf_category as t2 WHERE ( t1.cate_id = t2.id ) LIMIT 0,2   [ RunTime:0.0005s ]
SQL: SHOW COLUMNS FROM `hf_category` [ RunTime:0.0059s ]
SQL: SELECT * FROM `hf_category`  [ RunTime:0.0003s ]
INFO: [ view_parse ] --START--
INFO: [ template_filter ] --START--
INFO: Run Behavior\ContentReplaceBehavior [ RunTime:0.000122s ]
INFO: [ template_filter ] --END-- [ RunTime:0.000221s ]
INFO: Run Behavior\ParseTemplateBehavior [ RunTime:0.020059s ]
INFO: [ view_parse ] --END-- [ RunTime:0.020169s ]
INFO: [ view_filter ] --START--
INFO: Run Behavior\WriteHtmlCacheBehavior [ RunTime:0.000786s ]
INFO: [ view_filter ] --END-- [ RunTime:0.000853s ]
INFO: [ app_end ] --START--
INFO: Run Behavior\ShowPageTraceBehavior [ RunTime:0.001654s ]
INFO: [ app_end ] --END-- [ RunTime:0.001768s ]

