[ 2016-06-11T20:32:56+08:00 ] 127.0.0.1 /index.php/Admin/Index/index
INFO: [ app_init ] --START--
INFO: Run Behavior\BuildLiteBehavior [ RunTime:0.000020s ]
INFO: [ app_init ] --END-- [ RunTime:0.001310s ]
INFO: [ app_begin ] --START--
INFO: Run Behavior\ReadHtmlCacheBehavior [ RunTime:0.001916s ]
INFO: [ app_begin ] --END-- [ RunTime:0.002015s ]
INFO: [ view_parse ] --START--
INFO: [ template_filter ] --START--
INFO: Run Behavior\ContentReplaceBehavior [ RunTime:0.000116s ]
INFO: [ template_filter ] --END-- [ RunTime:0.000239s ]
INFO: Run Behavior\ParseTemplateBehavior [ RunTime:0.094023s ]
INFO: [ view_parse ] --END-- [ RunTime:0.094261s ]
INFO: [ view_filter ] --START--
INFO: Run Behavior\WriteHtmlCacheBehavior [ RunTime:0.001534s ]
INFO: [ view_filter ] --END-- [ RunTime:0.001656s ]
INFO: [ app_end ] --START--
INFO: Run Behavior\ShowPageTraceBehavior [ RunTime:0.001730s ]
INFO: [ app_end ] --END-- [ RunTime:0.001869s ]

[ 2016-06-11T20:33:01+08:00 ] 127.0.0.1 /index.php/Admin/Furniture/furniture.html
INFO: [ app_init ] --START--
INFO: Run Behavior\BuildLiteBehavior [ RunTime:0.000028s ]
INFO: [ app_init ] --END-- [ RunTime:0.000659s ]
INFO: [ app_begin ] --START--
INFO: Run Behavior\ReadHtmlCacheBehavior [ RunTime:0.000940s ]
INFO: [ app_begin ] --END-- [ RunTime:0.001084s ]
SQL: SHOW COLUMNS FROM `hf_furniture` [ RunTime:0.1607s ]
SQL: SHOW COLUMNS FROM `hf_furniture` [ RunTime:0.0243s ]
SQL: SELECT COUNT(*) AS tp_count FROM hf_furniture as t1,hf_category as t2 WHERE ( t1.cate_id = t2.id ) LIMIT 1   [ RunTime:0.0207s ]
SQL: SHOW COLUMNS FROM `hf_furniture` [ RunTime:0.0857s ]
SQL: SELECT t1.*,t2.name as cate_name FROM hf_furniture as t1,hf_category as t2 WHERE ( t1.cate_id = t2.id ) LIMIT 0,2   [ RunTime:0.0015s ]
SQL: SHOW COLUMNS FROM `hf_category` [ RunTime:0.0268s ]
SQL: SELECT * FROM `hf_category`  [ RunTime:0.0007s ]
INFO: [ view_parse ] --START--
INFO: [ template_filter ] --START--
INFO: Run Behavior\ContentReplaceBehavior [ RunTime:0.000163s ]
INFO: [ template_filter ] --END-- [ RunTime:0.000298s ]
INFO: Run Behavior\ParseTemplateBehavior [ RunTime:0.093228s ]
INFO: [ view_parse ] --END-- [ RunTime:0.093484s ]
INFO: [ view_filter ] --START--
INFO: Run Behavior\WriteHtmlCacheBehavior [ RunTime:0.000648s ]
INFO: [ view_filter ] --END-- [ RunTime:0.000755s ]
INFO: [ app_end ] --START--
INFO: Run Behavior\ShowPageTraceBehavior [ RunTime:0.001574s ]
INFO: [ app_end ] --END-- [ RunTime:0.001770s ]

[ 2016-06-11T20:33:02+08:00 ] 127.0.0.1 /index.php/Admin/Category/index.html
INFO: [ app_init ] --START--
INFO: Run Behavior\BuildLiteBehavior [ RunTime:0.000017s ]
INFO: [ app_init ] --END-- [ RunTime:0.000357s ]
INFO: [ app_begin ] --START--
INFO: Run Behavior\ReadHtmlCacheBehavior [ RunTime:0.000491s ]
INFO: [ app_begin ] --END-- [ RunTime:0.000551s ]
SQL: SHOW COLUMNS FROM `hf_category` [ RunTime:0.0048s ]
SQL: SELECT COUNT(*) AS tp_count FROM `hf_category` LIMIT 1   [ RunTime:0.0002s ]
SQL: SELECT * FROM `hf_category`  [ RunTime:0.0002s ]
INFO: [ view_parse ] --START--
INFO: [ template_filter ] --START--
INFO: Run Behavior\ContentReplaceBehavior [ RunTime:0.000067s ]
INFO: [ template_filter ] --END-- [ RunTime:0.000133s ]
NOTIC: [8] Undefined variable: show F:\Home\Runtime\Cache\Admin\b5a303a76e63c9d5e8d20284350274ba.php 第 101 行.
INFO: Run Behavior\ParseTemplateBehavior [ RunTime:0.021307s ]
INFO: [ view_parse ] --END-- [ RunTime:0.021409s ]
INFO: [ view_filter ] --START--
INFO: Run Behavior\WriteHtmlCacheBehavior [ RunTime:0.000321s ]
INFO: [ view_filter ] --END-- [ RunTime:0.000379s ]
INFO: [ app_end ] --START--
INFO: Run Behavior\ShowPageTraceBehavior [ RunTime:0.000619s ]
INFO: [ app_end ] --END-- [ RunTime:0.000703s ]

[ 2016-06-11T20:33:03+08:00 ] 127.0.0.1 /index.php/Admin/Dept/dept.html
INFO: [ app_init ] --START--
INFO: Run Behavior\BuildLiteBehavior [ RunTime:0.000016s ]
INFO: [ app_init ] --END-- [ RunTime:0.000457s ]
INFO: [ app_begin ] --START--
INFO: Run Behavior\ReadHtmlCacheBehavior [ RunTime:0.000674s ]
INFO: [ app_begin ] --END-- [ RunTime:0.000734s ]
SQL: SHOW COLUMNS FROM `hf_dept` [ RunTime:0.0307s ]
SQL: SELECT t1.*,t2.name as pname FROM hf_dept t1 left join hf_dept as t2 on t1.pid=t2.id  ORDER BY id  [ RunTime:0.0009s ]
INFO: [ view_parse ] --START--
INFO: [ template_filter ] --START--
INFO: Run Behavior\ContentReplaceBehavior [ RunTime:0.000265s ]
INFO: [ template_filter ] --END-- [ RunTime:0.000519s ]
NOTIC: [8] Undefined variable: cate F:\Home\Runtime\Cache\Admin\4d91c5ab054da70a500180ebca71e992.php 第 74 行.
INFO: Run Behavior\ParseTemplateBehavior [ RunTime:0.043058s ]
INFO: [ view_parse ] --END-- [ RunTime:0.043184s ]
INFO: [ view_filter ] --START--
INFO: Run Behavior\WriteHtmlCacheBehavior [ RunTime:0.000429s ]
INFO: [ view_filter ] --END-- [ RunTime:0.000480s ]
INFO: [ app_end ] --START--
INFO: Run Behavior\ShowPageTraceBehavior [ RunTime:0.000751s ]
INFO: [ app_end ] --END-- [ RunTime:0.000837s ]

[ 2016-06-11T20:33:04+08:00 ] 127.0.0.1 /index.php/Admin/User/showList.html
INFO: [ app_init ] --START--
INFO: Run Behavior\BuildLiteBehavior [ RunTime:0.000029s ]
INFO: [ app_init ] --END-- [ RunTime:0.000723s ]
INFO: [ app_begin ] --START--
INFO: Run Behavior\ReadHtmlCacheBehavior [ RunTime:0.001456s ]
INFO: [ app_begin ] --END-- [ RunTime:0.001637s ]
SQL: SHOW COLUMNS FROM `hf_user` [ RunTime:0.0309s ]
SQL: SELECT COUNT(*) AS tp_count FROM `hf_user` LIMIT 1   [ RunTime:0.0004s ]
SQL: SELECT * FROM `hf_user` LIMIT 0,5   [ RunTime:0.0004s ]
SQL: SELECT * FROM `hf_dept` WHERE `id` = '1' LIMIT 1   [ RunTime:0.0004s ]
INFO: [ view_parse ] --START--
INFO: [ template_filter ] --START--
INFO: Run Behavior\ContentReplaceBehavior [ RunTime:0.000158s ]
INFO: [ template_filter ] --END-- [ RunTime:0.000292s ]
NOTIC: [8] Undefined index: username F:\Home\Runtime\Cache\Admin\72591cc07db2957ebbc5ee1cbbed9138.php 第 97 行.
NOTIC: [8] Undefined index: nickname F:\Home\Runtime\Cache\Admin\72591cc07db2957ebbc5ee1cbbed9138.php 第 98 行.
NOTIC: [8] Undefined index: birthday F:\Home\Runtime\Cache\Admin\72591cc07db2957ebbc5ee1cbbed9138.php 第 101 行.
NOTIC: [8] Undefined index: email F:\Home\Runtime\Cache\Admin\72591cc07db2957ebbc5ee1cbbed9138.php 第 103 行.
NOTIC: [8] Undefined index: addtime F:\Home\Runtime\Cache\Admin\72591cc07db2957ebbc5ee1cbbed9138.php 第 104 行.
INFO: Run Behavior\ParseTemplateBehavior [ RunTime:0.149179s ]
INFO: [ view_parse ] --END-- [ RunTime:0.149305s ]
INFO: [ view_filter ] --START--
INFO: Run Behavior\WriteHtmlCacheBehavior [ RunTime:0.000571s ]
INFO: [ view_filter ] --END-- [ RunTime:0.000711s ]
INFO: [ app_end ] --START--
INFO: Run Behavior\ShowPageTraceBehavior [ RunTime:0.001621s ]
INFO: [ app_end ] --END-- [ RunTime:0.001778s ]

[ 2016-06-11T20:33:04+08:00 ] 127.0.0.1 /index.php/Admin/Age/index.html
INFO: [ app_init ] --START--
INFO: Run Behavior\BuildLiteBehavior [ RunTime:0.000025s ]
INFO: [ app_init ] --END-- [ RunTime:0.000431s ]
INFO: [ app_begin ] --START--
INFO: Run Behavior\ReadHtmlCacheBehavior [ RunTime:0.001113s ]
INFO: [ app_begin ] --END-- [ RunTime:0.001226s ]
SQL: SHOW COLUMNS FROM `hf_message` [ RunTime:0.0300s ]
SQL: SELECT COUNT(*) AS tp_count FROM `hf_message` LIMIT 1   [ RunTime:0.0003s ]
SQL: SELECT * FROM `hf_message` ORDER BY isread asc LIMIT 0,5   [ RunTime:0.0004s ]
INFO: [ view_parse ] --START--
INFO: [ template_filter ] --START--
INFO: Run Behavior\ContentReplaceBehavior [ RunTime:0.000093s ]
INFO: [ template_filter ] --END-- [ RunTime:0.000172s ]
INFO: Run Behavior\ParseTemplateBehavior [ RunTime:0.037683s ]
INFO: [ view_parse ] --END-- [ RunTime:0.037763s ]
INFO: [ view_filter ] --START--
INFO: Run Behavior\WriteHtmlCacheBehavior [ RunTime:0.000311s ]
INFO: [ view_filter ] --END-- [ RunTime:0.000370s ]
INFO: [ app_end ] --START--
INFO: Run Behavior\ShowPageTraceBehavior [ RunTime:0.000571s ]
INFO: [ app_end ] --END-- [ RunTime:0.000631s ]

